2017-02-15 09:41:46.7165|INFO|Starting a Schema comparator application.|DBSchemaComparator.App.Program|
2017-02-15 09:41:46.7615|INFO|Creating settings object|DBSchemaComparator.Domain.Infrastructure.Settings|
2017-02-15 09:41:47.1297|TRACE|Retrieving database connection string = Data Source=10.18.3.2; Initial Catalog=DatabaseComparatorTest1; user ID =SA; password=cisco;connection timeout=30|DBSchemaComparator.Domain.Infrastructure.Settings|
2017-02-15 09:41:47.1407|INFO|Selecting basic schema information from database|DBSchemaComparator.Domain.Database.DatabaseHandler|
2017-02-15 09:41:56.0959|WARN|System.NullReferenceException: Object reference not set to an instance of an object.
   at DBSchemaComparator.Domain.Database.DatabaseHandler.SelectColumnsSchemaInfo(String tableName, InformationType infoType) in D:\GitRepository\schema-comparator\DBSchemaComparator.Domain\Database\DatabaseHandler.cs:line 119|DBSchemaComparator.Domain.Database.DatabaseHandler|System.NullReferenceException: Object reference not set to an instance of an object.
   at DBSchemaComparator.Domain.Database.DatabaseHandler.SelectColumnsSchemaInfo(String tableName, InformationType infoType) in D:\GitRepository\schema-comparator\DBSchemaComparator.Domain\Database\DatabaseHandler.cs:line 119
2017-02-15 09:42:52.8482|INFO|Starting a Schema comparator application.|DBSchemaComparator.App.Program|
2017-02-15 09:42:52.8762|INFO|Creating settings object|DBSchemaComparator.Domain.Infrastructure.Settings|
2017-02-15 09:42:53.1724|TRACE|Retrieving database connection string = Data Source=10.18.3.2; Initial Catalog=DatabaseComparatorTest1; user ID =SA; password=cisco;connection timeout=30|DBSchemaComparator.Domain.Infrastructure.Settings|
2017-02-15 09:42:53.2324|INFO|Selecting basic schema information from database|DBSchemaComparator.Domain.Database.DatabaseHandler|
2017-02-15 09:42:57.4642|WARN|System.NullReferenceException: Object reference not set to an instance of an object.
   at DBSchemaComparator.Domain.Database.DatabaseHandler.SelectColumnsSchemaInfo(String tableName, InformationType infoType) in D:\GitRepository\schema-comparator\DBSchemaComparator.Domain\Database\DatabaseHandler.cs:line 119|DBSchemaComparator.Domain.Database.DatabaseHandler|System.NullReferenceException: Object reference not set to an instance of an object.
   at DBSchemaComparator.Domain.Database.DatabaseHandler.SelectColumnsSchemaInfo(String tableName, InformationType infoType) in D:\GitRepository\schema-comparator\DBSchemaComparator.Domain\Database\DatabaseHandler.cs:line 119
2017-02-15 09:46:28.0572|INFO|Starting a Schema comparator application.|DBSchemaComparator.App.Program|
2017-02-15 09:46:28.0892|INFO|Creating settings object|DBSchemaComparator.Domain.Infrastructure.Settings|
2017-02-15 09:46:28.4334|TRACE|Retrieving database connection string = Data Source=10.18.3.2; Initial Catalog=DatabaseComparatorTest1; user ID =SA; password=cisco;connection timeout=30|DBSchemaComparator.Domain.Infrastructure.Settings|
2017-02-15 09:46:28.4504|INFO|Selecting basic schema information from database|DBSchemaComparator.Domain.Database.DatabaseHandler|
2017-02-15 09:48:22.4683|INFO|Starting a Schema comparator application.|DBSchemaComparator.App.Program|
2017-02-15 09:48:22.5013|INFO|Creating settings object|DBSchemaComparator.Domain.Infrastructure.Settings|
2017-02-15 09:48:22.8585|TRACE|Retrieving database connection string = Data Source=10.18.3.2; Initial Catalog=DatabaseComparatorTest1; user ID =SA; password=cisco;connection timeout=30|DBSchemaComparator.Domain.Infrastructure.Settings|
2017-02-15 09:48:22.9095|INFO|Selecting basic schema information from database|DBSchemaComparator.Domain.Database.DatabaseHandler|
2017-02-15 09:51:29.2970|INFO|Starting a Schema comparator application.|DBSchemaComparator.App.Program|
2017-02-15 09:51:29.3270|INFO|Creating settings object|DBSchemaComparator.Domain.Infrastructure.Settings|
2017-02-15 09:51:29.6512|TRACE|Retrieving database connection string = Data Source=10.18.3.2; Initial Catalog=DatabaseComparatorTest1; user ID =SA; password=cisco;connection timeout=30|DBSchemaComparator.Domain.Infrastructure.Settings|
2017-02-15 09:51:29.7633|INFO|Selecting basic schema information from database|DBSchemaComparator.Domain.Database.DatabaseHandler|
2017-02-15 09:51:56.7552|INFO|Starting a Schema comparator application.|DBSchemaComparator.App.Program|
2017-02-15 09:51:58.5413|INFO|Creating settings object|DBSchemaComparator.Domain.Infrastructure.Settings|
2017-02-15 09:52:02.3826|TRACE|Retrieving database connection string = Data Source=10.18.3.2; Initial Catalog=DatabaseComparatorTest1; user ID =SA; password=cisco;connection timeout=30|DBSchemaComparator.Domain.Infrastructure.Settings|
2017-02-15 09:58:11.1222|INFO|Starting a Schema comparator application.|DBSchemaComparator.App.Program|
2017-02-15 09:58:14.0772|INFO|Creating settings object|DBSchemaComparator.Domain.Infrastructure.Settings|
2017-02-15 09:58:14.4414|TRACE|Retrieving database connection string = Data Source=10.18.3.2; Initial Catalog=DatabaseComparatorTest1; user ID =SA; password=cisco;connection timeout=30|DBSchemaComparator.Domain.Infrastructure.Settings|
2017-02-15 09:58:14.4985|INFO|Selecting basic schema information from database|DBSchemaComparator.Domain.Database.DatabaseHandler|
2017-02-15 10:00:58.3359|INFO|Starting a Schema comparator application.|DBSchemaComparator.App.Program|
2017-02-15 10:01:02.4821|INFO|Creating settings object|DBSchemaComparator.Domain.Infrastructure.Settings|
2017-02-15 10:01:02.6682|TRACE|Retrieving database connection string = Data Source=10.18.3.2; Initial Catalog=DatabaseComparatorTest1; user ID =SA; password=cisco;connection timeout=30|DBSchemaComparator.Domain.Infrastructure.Settings|
2017-02-15 10:01:02.7273|INFO|Selecting basic schema information from database|DBSchemaComparator.Domain.Database.DatabaseHandler|
2017-02-15 10:01:02.7273|TRACE|Retrieving database connection string = Data Source=10.18.3.2; Initial Catalog=DatabaseComparatorTest1; user ID =SA; password=cisco;connection timeout=30|DBSchemaComparator.Domain.Infrastructure.Settings|
2017-02-15 10:01:31.1814|INFO|Starting a Schema comparator application.|DBSchemaComparator.App.Program|
2017-02-15 10:01:31.2084|INFO|Creating settings object|DBSchemaComparator.Domain.Infrastructure.Settings|
2017-02-15 10:01:31.4746|TRACE|Retrieving database connection string = Data Source=10.18.3.2; Initial Catalog=DatabaseComparatorTest1; user ID =SA; password=cisco;connection timeout=30|DBSchemaComparator.Domain.Infrastructure.Settings|
2017-02-15 10:01:31.4746|INFO|Selecting basic schema information from database|DBSchemaComparator.Domain.Database.DatabaseHandler|
2017-02-15 10:01:31.4746|TRACE|Retrieving database connection string = Data Source=10.18.3.2; Initial Catalog=DatabaseComparatorTest1; user ID =SA; password=cisco;connection timeout=30|DBSchemaComparator.Domain.Infrastructure.Settings|
2017-02-15 10:04:33.2873|INFO|Starting a Schema comparator application.|DBSchemaComparator.App.Program|
2017-02-15 10:04:33.3413|INFO|Creating settings object|DBSchemaComparator.Domain.Infrastructure.Settings|
2017-02-15 10:04:33.8006|TRACE|Retrieving database connection string = Data Source=10.18.3.2; Initial Catalog=DatabaseComparatorTest1; user ID =SA; password=cisco;connection timeout=30|DBSchemaComparator.Domain.Infrastructure.Settings|
2017-02-15 10:04:33.8256|INFO|Selecting basic schema information from database|DBSchemaComparator.Domain.Database.DatabaseHandler|
2017-02-15 10:22:20.0030|INFO|Starting a Schema comparator application.|DBSchemaComparator.App.Program|
2017-02-15 10:22:20.0360|INFO|Creating settings object|DBSchemaComparator.Domain.Infrastructure.Settings|
2017-02-15 10:22:20.3942|TRACE|Retrieving database connection string = Data Source=10.18.3.2; Initial Catalog=DatabaseComparatorTest1; user ID =SA; password=cisco;connection timeout=30|DBSchemaComparator.Domain.Infrastructure.Settings|
2017-02-15 10:22:20.4072|TRACE|Retrieving database connection string = Data Source=10.18.3.2; Initial Catalog=DatabaseComparatorTest1; user ID =SA; password=cisco;connection timeout=30|DBSchemaComparator.Domain.Infrastructure.Settings|
2017-02-15 10:27:01.9685|INFO|Starting a Schema comparator application.|DBSchemaComparator.App.Program|
2017-02-15 10:27:02.0125|INFO|Creating settings object|DBSchemaComparator.Domain.Infrastructure.Settings|
2017-02-15 10:27:02.0846|DEBUG|Loading settings from file config.json|DBSchemaComparator.Domain.Infrastructure.Settings|
2017-02-15 10:27:02.0846|DEBUG|Config file content:
 {
  "DatabaseConnections": [
    {
      "DbName": "DatabaseComparatorTest1",
      "IpAddress": "10.18.3.2",
      "Pass": "cisco",
      "Username": "SA"
    },
    {
      "DbName": "DatabaseComparatorTest1",
      "IpAddress": "10.18.3.2",
      "Pass": "cisco",
      "Username": "SA"
    }
  ]

}
|DBSchemaComparator.Domain.Infrastructure.Settings|
2017-02-15 10:27:02.0846|DEBUG|Deserializing json to object|DBSchemaComparator.Domain.Infrastructure.Settings|
2017-02-15 10:27:02.4228|DEBUG|Deserialized object:
 DBSchemaComparator.Domain.Models.General.DatabaseConnectionList|DBSchemaComparator.Domain.Infrastructure.Settings|
2017-02-15 10:27:02.4268|TRACE|Retrieving database connection string = Data Source=10.18.3.2; Initial Catalog=DatabaseComparatorTest1; user ID =SA; password=cisco;connection timeout=30|DBSchemaComparator.Domain.Infrastructure.Settings|
2017-02-15 10:27:02.4268|TRACE|Retrieving database connection string = Data Source=10.18.3.2; Initial Catalog=DatabaseComparatorTest1; user ID =SA; password=cisco;connection timeout=30|DBSchemaComparator.Domain.Infrastructure.Settings|
2017-02-15 10:28:43.4756|INFO|Starting a Schema comparator application.|DBSchemaComparator.App.Program|
2017-02-15 10:28:43.5316|INFO|Creating settings object|DBSchemaComparator.Domain.Infrastructure.Settings|
2017-02-15 10:28:43.6187|DEBUG|Loading settings from file config.json|DBSchemaComparator.Domain.Infrastructure.Settings|
2017-02-15 10:28:43.6497|DEBUG|Config file content:
 {
  "DatabaseConnections": [
    {
      "DbName": "DatabaseComparatorTest1",
      "IpAddress": "10.18.3.2",
      "Pass": "cisco",
      "Username": "SA"
    },
    {
      "DbName": "DatabaseComparatorTest1",
      "IpAddress": "10.18.3.2",
      "Pass": "cisco",
      "Username": "SA"
    }
  ]

}
|DBSchemaComparator.Domain.Infrastructure.Settings|
2017-02-15 10:28:43.6627|DEBUG|Deserializing json to object|DBSchemaComparator.Domain.Infrastructure.Settings|
2017-02-15 10:28:44.0650|DEBUG|Deserialized object:
|DBSchemaComparator.Domain.Infrastructure.Settings|
2017-02-15 10:28:44.0730|TRACE|Retrieving database connection string = Data Source=10.18.3.2; Initial Catalog=DatabaseComparatorTest1; user ID =SA; password=cisco;connection timeout=30|DBSchemaComparator.Domain.Infrastructure.Settings|
2017-02-15 10:28:44.0830|TRACE|Retrieving database connection string = Data Source=10.18.3.2; Initial Catalog=DatabaseComparatorTest1; user ID =SA; password=cisco;connection timeout=30|DBSchemaComparator.Domain.Infrastructure.Settings|
2017-02-15 10:38:37.5178|INFO|Starting a Schema comparator application.|DBSchemaComparator.App.Program|
2017-02-15 10:38:37.5678|INFO|Creating settings object|DBSchemaComparator.Domain.Infrastructure.Settings|
2017-02-15 10:38:37.6509|DEBUG|Loading settings from file config.json|DBSchemaComparator.Domain.Infrastructure.Settings|
2017-02-15 10:38:37.6509|DEBUG|Config file content:
 {
  "DatabaseConnections": [
    {
      "DbName": "DatabaseComparatorTest1",
      "IpAddress": "10.18.3.2",
      "Pass": "cisco",
      "Username": "SA"
    },
    {
      "DbName": "DatabaseComparatorTest1",
      "IpAddress": "10.18.3.2",
      "Pass": "cisco",
      "Username": "SA"
    }
  ]

}
|DBSchemaComparator.Domain.Infrastructure.Settings|
2017-02-15 10:38:37.6509|DEBUG|Deserializing json to object|DBSchemaComparator.Domain.Infrastructure.Settings|
2017-02-15 10:38:37.9781|DEBUG|Deserialized object:
|DBSchemaComparator.Domain.Infrastructure.Settings|
2017-02-15 10:38:37.9781|TRACE|Retrieving database connection string = Data Source=10.18.3.2; Initial Catalog=DatabaseComparatorTest1; user ID =SA; password=cisco;connection timeout=30|DBSchemaComparator.Domain.Infrastructure.Settings|
2017-02-15 10:38:37.9781|TRACE|Retrieving database connection string = Data Source=10.18.3.2; Initial Catalog=DatabaseComparatorTest1; user ID =SA; password=cisco;connection timeout=30|DBSchemaComparator.Domain.Infrastructure.Settings|
2017-02-15 10:55:42.5430|INFO|Starting a Schema comparator application.|DBSchemaComparator.App.Program|
2017-02-15 10:55:42.5780|INFO|Creating settings object|DBSchemaComparator.Domain.Infrastructure.Settings|
2017-02-15 10:55:42.6090|DEBUG|Loading settings from file config.json|DBSchemaComparator.Domain.Infrastructure.Settings|
2017-02-15 10:55:42.6090|DEBUG|Config file content:
 {
  "DatabaseConnections": [
    {
      "DbName": "DatabaseComparatorTest1",
      "IpAddress": "10.18.3.2",
      "Pass": "cisco",
      "Username": "SA",
      "DbType": "SqlServer"
    },
    {
      "DbName": "DatabaseComparatorTest2",
      "IpAddress": "10.18.3.2",
      "Pass": "cisco",
      "Username": "SA",
      "DbType" : "SqlServer" 
    }
  ]

}
|DBSchemaComparator.Domain.Infrastructure.Settings|
2017-02-15 10:55:42.6090|DEBUG|Deserializing json to object|DBSchemaComparator.Domain.Infrastructure.Settings|
2017-02-15 10:55:42.9062|DEBUG|Deserialized object:
|DBSchemaComparator.Domain.Infrastructure.Settings|
2017-02-15 10:55:42.9062|TRACE|Retrieving database connection string = Data Source=10.18.3.2; Initial Catalog=DatabaseComparatorTest1; user ID =SA; password=cisco;connection timeout=30|DBSchemaComparator.Domain.Infrastructure.Settings|
2017-02-15 10:55:42.9062|TRACE|Retrieving database connection string = Data Source=10.18.3.2; Initial Catalog=DatabaseComparatorTest2; user ID =SA; password=cisco;connection timeout=30|DBSchemaComparator.Domain.Infrastructure.Settings|
2017-02-15 10:56:40.8447|INFO|Starting a Schema comparator application.|DBSchemaComparator.App.Program|
2017-02-15 10:56:40.8727|INFO|Creating settings object|DBSchemaComparator.Domain.Infrastructure.Settings|
2017-02-15 10:56:40.8887|DEBUG|Loading settings from file config.json|DBSchemaComparator.Domain.Infrastructure.Settings|
2017-02-15 10:56:40.8887|DEBUG|Config file content:
 {
  "DatabaseConnections": [
    {
      "DbName": "DatabaseComparatorTest1",
      "IpAddress": "10.18.3.2",
      "Pass": "cisco",
      "Username": "SA",
      "DbType": "SqlServer"
    },
    {
      "DbName": "DatabaseComparatorTest2",
      "IpAddress": "10.18.3.2",
      "Pass": "cisco",
      "Username": "SA",
      "DbType" : "SqlServer" 
    }
  ]

}
|DBSchemaComparator.Domain.Infrastructure.Settings|
2017-02-15 10:56:40.8917|DEBUG|Deserializing json to object|DBSchemaComparator.Domain.Infrastructure.Settings|
2017-02-15 10:56:41.2320|DEBUG|Deserialized object:
|DBSchemaComparator.Domain.Infrastructure.Settings|
2017-02-15 10:56:41.2390|TRACE|Retrieving database connection string = Data Source=10.18.3.2; Initial Catalog=DatabaseComparatorTest1; user ID =SA; password=cisco;connection timeout=30|DBSchemaComparator.Domain.Infrastructure.Settings|
2017-02-15 10:56:41.2550|TRACE|Retrieving database connection string = Data Source=10.18.3.2; Initial Catalog=DatabaseComparatorTest2; user ID =SA; password=cisco;connection timeout=30|DBSchemaComparator.Domain.Infrastructure.Settings|
2017-02-15 11:09:57.5694|INFO|Starting a Schema comparator application.|DBSchemaComparator.App.Program|
2017-02-15 11:09:57.6244|INFO|Creating settings object|DBSchemaComparator.Domain.Infrastructure.Settings|
2017-02-15 11:09:57.6905|DEBUG|Loading settings from file config.json|DBSchemaComparator.Domain.Infrastructure.Settings|
2017-02-15 11:09:57.6905|DEBUG|Config file content:
 {
  "DatabaseConnections": [
    {
      "DbName": "DatabaseComparatorTest1",
      "IpAddress": "10.18.3.2",
      "Pass": "cisco",
      "Username": "SA",
      "DbType": "SqlServer"
    },
    {
      "DbName": "DatabaseComparatorTest2",
      "IpAddress": "10.18.3.2",
      "Pass": "cisco",
      "Username": "SA",
      "DbType" : "SqlServer" 
    }
  ]

}
|DBSchemaComparator.Domain.Infrastructure.Settings|
2017-02-15 11:09:57.6905|DEBUG|Deserializing json to object|DBSchemaComparator.Domain.Infrastructure.Settings|
2017-02-15 11:09:57.9837|DEBUG|Deserialized object:
|DBSchemaComparator.Domain.Infrastructure.Settings|
2017-02-15 11:09:57.9837|TRACE|Retrieving database connection string = Data Source=10.18.3.2; Initial Catalog=DatabaseComparatorTest1; user ID =SA; password=cisco;connection timeout=30|DBSchemaComparator.Domain.Infrastructure.Settings|
2017-02-15 11:09:57.9987|TRACE|Retrieving database connection string = Data Source=10.18.3.2; Initial Catalog=DatabaseComparatorTest2; user ID =SA; password=cisco;connection timeout=30|DBSchemaComparator.Domain.Infrastructure.Settings|
2017-02-15 11:10:10.1739|INFO|Exiting application.|DBSchemaComparator.App.Program|
2017-02-15 11:13:46.3575|INFO|Starting a Schema comparator application.|DBSchemaComparator.App.Program|
2017-02-15 11:13:46.3925|INFO|Creating settings object|DBSchemaComparator.Domain.Infrastructure.Settings|
2017-02-15 11:13:46.4535|DEBUG|Loading settings from file config.json|DBSchemaComparator.Domain.Infrastructure.Settings|
2017-02-15 11:13:46.4535|DEBUG|Config file content:
 {
  "DatabaseConnections": [
    {
      "DbName": "DatabaseComparatorTest1",
      "IpAddress": "10.18.3.2",
      "Pass": "cisco",
      "Username": "SA",
      "DbType": "SqlServer"
    },
    {
      "DbName": "DatabaseComparatorTest2",
      "IpAddress": "10.18.3.2",
      "Pass": "cisco",
      "Username": "SA",
      "DbType" : "SqlServer" 
    }
  ]

}
|DBSchemaComparator.Domain.Infrastructure.Settings|
2017-02-15 11:13:46.4685|DEBUG|Deserializing json to object|DBSchemaComparator.Domain.Infrastructure.Settings|
2017-02-15 11:13:46.8228|DEBUG|Deserialized object:
|DBSchemaComparator.Domain.Infrastructure.Settings|
2017-02-15 11:13:46.8228|TRACE|Retrieving database connection string = Data Source=10.18.3.2; Initial Catalog=DatabaseComparatorTest1; user ID =SA; password=cisco;connection timeout=30|DBSchemaComparator.Domain.Infrastructure.Settings|
2017-02-15 11:13:46.8338|TRACE|Retrieving database connection string = Data Source=10.18.3.2; Initial Catalog=DatabaseComparatorTest2; user ID =SA; password=cisco;connection timeout=30|DBSchemaComparator.Domain.Infrastructure.Settings|
2017-02-15 11:14:09.2752|INFO|Starting a Schema comparator application.|DBSchemaComparator.App.Program|
2017-02-15 11:14:09.3173|INFO|Creating settings object|DBSchemaComparator.Domain.Infrastructure.Settings|
2017-02-15 11:14:09.3313|DEBUG|Loading settings from file config.json|DBSchemaComparator.Domain.Infrastructure.Settings|
2017-02-15 11:14:09.3313|DEBUG|Config file content:
 {
  "DatabaseConnections": [
    {
      "DbName": "DatabaseComparatorTest1",
      "IpAddress": "10.18.3.2",
      "Pass": "cisco",
      "Username": "SA",
      "DbType": "SqlServer"
    },
    {
      "DbName": "DatabaseComparatorTest2",
      "IpAddress": "10.18.3.2",
      "Pass": "cisco",
      "Username": "SA",
      "DbType" : "SqlServer" 
    }
  ]

}
|DBSchemaComparator.Domain.Infrastructure.Settings|
2017-02-15 11:14:09.3313|DEBUG|Deserializing json to object|DBSchemaComparator.Domain.Infrastructure.Settings|
2017-02-15 11:14:09.6114|DEBUG|Deserialized object:
|DBSchemaComparator.Domain.Infrastructure.Settings|
2017-02-15 11:14:09.6114|TRACE|Retrieving database connection string = Data Source=10.18.3.2; Initial Catalog=DatabaseComparatorTest1; user ID =SA; password=cisco;connection timeout=30|DBSchemaComparator.Domain.Infrastructure.Settings|
2017-02-15 11:14:09.6275|TRACE|Retrieving database connection string = Data Source=10.18.3.2; Initial Catalog=DatabaseComparatorTest2; user ID =SA; password=cisco;connection timeout=30|DBSchemaComparator.Domain.Infrastructure.Settings|
2017-02-15 11:14:15.7293|INFO|Exiting application.|DBSchemaComparator.App.Program|
2017-02-15 11:28:33.8935|INFO|Starting a Schema comparator application.|DBSchemaComparator.App.Program|
2017-02-15 11:28:33.9265|INFO|Creating settings object|DBSchemaComparator.Domain.Infrastructure.Settings|
2017-02-15 11:28:33.9395|DEBUG|Loading settings from file config.json|DBSchemaComparator.Domain.Infrastructure.Settings|
2017-02-15 11:28:33.9395|DEBUG|Config file content:
 {
  "DatabaseConnections": [
    {
      "DbName": "DatabaseComparatorTest1",
      "IpAddress": "10.18.3.2",
      "Pass": "cisco",
      "Username": "SA",
      "DbType": "SqlServer"
    },
    {
      "DbName": "DatabaseComparatorTest2",
      "IpAddress": "10.18.3.2",
      "Pass": "cisco",
      "Username": "SA",
      "DbType" : "SqlServer" 
    }
  ]

}
|DBSchemaComparator.Domain.Infrastructure.Settings|
2017-02-15 11:28:33.9395|DEBUG|Deserializing json to object|DBSchemaComparator.Domain.Infrastructure.Settings|
2017-02-15 11:28:34.1807|DEBUG|Deserialized object:
|DBSchemaComparator.Domain.Infrastructure.Settings|
2017-02-15 11:28:34.1807|TRACE|Retrieving database connection string = Data Source=10.18.3.2; Initial Catalog=DatabaseComparatorTest1; user ID =SA; password=cisco;connection timeout=30|DBSchemaComparator.Domain.Infrastructure.Settings|
2017-02-15 11:28:34.1807|TRACE|Retrieving database connection string = Data Source=10.18.3.2; Initial Catalog=DatabaseComparatorTest2; user ID =SA; password=cisco;connection timeout=30|DBSchemaComparator.Domain.Infrastructure.Settings|
2017-02-15 11:29:39.0216|INFO|Starting a Schema comparator application.|DBSchemaComparator.App.Program|
2017-02-15 11:29:39.0586|INFO|Creating settings object|DBSchemaComparator.Domain.Infrastructure.Settings|
2017-02-15 11:29:39.0736|DEBUG|Loading settings from file config.json|DBSchemaComparator.Domain.Infrastructure.Settings|
2017-02-15 11:29:39.0736|DEBUG|Config file content:
 {
  "DatabaseConnections": [
    {
      "DbName": "DatabaseComparatorTest1",
      "IpAddress": "10.18.3.2",
      "Pass": "cisco",
      "Username": "SA",
      "DbType": "SqlServer"
    },
    {
      "DbName": "DatabaseComparatorTest2",
      "IpAddress": "10.18.3.111",
      "Pass": "cisco",
      "Username": "SA",
      "DbType" : "SqlServer" 
    }
  ]

}
|DBSchemaComparator.Domain.Infrastructure.Settings|
2017-02-15 11:29:39.0736|DEBUG|Deserializing json to object|DBSchemaComparator.Domain.Infrastructure.Settings|
2017-02-15 11:29:39.3168|DEBUG|Deserialized object:
|DBSchemaComparator.Domain.Infrastructure.Settings|
2017-02-15 11:29:39.3168|TRACE|Retrieving database connection string = Data Source=10.18.3.2; Initial Catalog=DatabaseComparatorTest1; user ID =SA; password=cisco;connection timeout=30|DBSchemaComparator.Domain.Infrastructure.Settings|
2017-02-15 11:29:39.3258|TRACE|Retrieving database connection string = Data Source=10.18.3.111; Initial Catalog=DatabaseComparatorTest2; user ID =SA; password=cisco;connection timeout=30|DBSchemaComparator.Domain.Infrastructure.Settings|
2017-02-15 11:32:49.5127|INFO|Starting a Schema comparator application.|DBSchemaComparator.App.Program|
2017-02-15 11:32:49.5497|INFO|Creating settings object|DBSchemaComparator.Domain.Infrastructure.Settings|
2017-02-15 11:32:49.5977|DEBUG|Loading settings from file config.json|DBSchemaComparator.Domain.Infrastructure.Settings|
2017-02-15 11:32:49.5977|DEBUG|Config file content:
 {
  "DatabaseConnections": [
    {
      "DbName": "DatabaseComparatorTest1",
      "IpAddress": "10.18.3.2",
      "Pass": "cisco",
      "Username": "SA",
      "Timeout": 10,
      "DbType": "SqlServer"
    },
    {
      "DbName": "DatabaseComparatorTest2",
      "IpAddress": "10.18.3.111",
      "Pass": "cisco",
      "Username": "SA",
      "Timeout": 10 ,
      "DbType" : "SqlServer" 
    }
  ]

}
|DBSchemaComparator.Domain.Infrastructure.Settings|
2017-02-15 11:32:49.6047|DEBUG|Deserializing json to object|DBSchemaComparator.Domain.Infrastructure.Settings|
2017-02-15 11:32:49.9140|DEBUG|Deserialized object:
|DBSchemaComparator.Domain.Infrastructure.Settings|
2017-02-15 11:32:49.9390|TRACE|Retrieving database connection string = Data Source=10.18.3.2; Initial Catalog=DatabaseComparatorTest1; user ID =SA; password=cisco;connection timeout=10|DBSchemaComparator.Domain.Infrastructure.Settings|
2017-02-15 11:32:49.9530|TRACE|Retrieving database connection string = Data Source=10.18.3.111; Initial Catalog=DatabaseComparatorTest2; user ID =SA; password=cisco;connection timeout=10|DBSchemaComparator.Domain.Infrastructure.Settings|
2017-02-15 11:33:21.9110|INFO|Exiting application.|DBSchemaComparator.App.Program|
2017-02-15 11:34:22.7620|INFO|Starting a Schema comparator application.|DBSchemaComparator.App.Program|
2017-02-15 11:34:22.7950|INFO|Creating settings object|DBSchemaComparator.Domain.Infrastructure.Settings|
2017-02-15 11:34:22.7950|DEBUG|Loading settings from file config.json|DBSchemaComparator.Domain.Infrastructure.Settings|
2017-02-15 11:34:22.8080|DEBUG|Config file content:
 {
  "DatabaseConnections": [
    {
      "DbName": "DatabaseComparatorTest1",
      "IpAddress": "10.18.3.2",
      "Pass": "cisco",
      "Username": "SA",
      "Timeout": 10,
      "DbType": "SqlServer"
    },
    {
      "DbName": "DatabaseComparatorTest2",
      "IpAddress": "10.18.3.111",
      "Pass": "cisco",
      "Username": "SA",
      "Timeout": 10 ,
      "DbType" : "SqlServer" 
    }
  ]

}
|DBSchemaComparator.Domain.Infrastructure.Settings|
2017-02-15 11:34:22.8080|DEBUG|Deserializing json to object|DBSchemaComparator.Domain.Infrastructure.Settings|
2017-02-15 11:34:23.1282|DEBUG|Deserialized object:
|DBSchemaComparator.Domain.Infrastructure.Settings|
2017-02-15 11:34:28.9365|TRACE|Retrieving database connection string = Data Source=10.18.3.2; Initial Catalog=DatabaseComparatorTest1; user ID =SA; password=cisco;connection timeout=10|DBSchemaComparator.Domain.Infrastructure.Settings|
2017-02-15 11:34:33.3693|TRACE|Retrieving database connection string = Data Source=10.18.3.111; Initial Catalog=DatabaseComparatorTest2; user ID =SA; password=cisco;connection timeout=10|DBSchemaComparator.Domain.Infrastructure.Settings|
2017-02-15 11:35:29.4947|WARN|Database unavailible Data Source=10.18.3.111; Initial Catalog=DatabaseComparatorTest2; user ID =SA; password=cisco;connection timeout=10|DBSchemaComparator.Domain.Database.DatabaseHandler|
