2017-02-14 09:28:24.9649|8-|INFO|Starting a Schema comparator application.|DBSchemaComparator.App.Program
2017-02-14 09:28:24.9879|8-|INFO|Creating settings object|DBSchemaComparator.App.Infrastructure.Settings
2017-02-14 09:36:31.3728|9-|INFO|Starting a Schema comparator application.|DBSchemaComparator.App.Program
2017-02-14 09:36:31.4209|9-|INFO|Creating settings object|DBSchemaComparator.App.Infrastructure.Settings
2017-02-14 09:37:23.3470|9-|INFO|Starting a Schema comparator application.|DBSchemaComparator.App.Program
2017-02-14 09:37:23.3731|9-|INFO|Creating settings object|DBSchemaComparator.App.Infrastructure.Settings
2017-02-14 09:37:58.8355|9-|TRACE|Retrieving connectionString = Data Source=123.456.789.456; Initial Catalog=Name; user ID =username; password=something;connection timeout=30|DBSchemaComparator.App.Infrastructure.Settings
2017-02-14 09:37:58.8355|9-|DEBUG|Retrieved connection string Data Source=123.456.789.456; Initial Catalog=Name; user ID =username; password=something;connection timeout=30|DBSchemaComparator.App.Program
2017-02-14 09:46:36.3988|10-|INFO|Starting a Schema comparator application.|DBSchemaComparator.App.Program
2017-02-14 09:46:38.4574|10-|INFO|Creating settings object|DBSchemaComparator.Domain.Infrastructure.Settings
2017-02-14 10:25:46.3671|9-|INFO|Starting a Schema comparator application.|DBSchemaComparator.App.Program
2017-02-14 10:25:50.2203|9-|INFO|Creating settings object|DBSchemaComparator.Domain.Infrastructure.Settings
2017-02-14 10:27:45.1112|9-|INFO|Starting a Schema comparator application.|DBSchemaComparator.App.Program
2017-02-14 10:27:47.1215|9-|INFO|Creating settings object|DBSchemaComparator.Domain.Infrastructure.Settings
2017-02-14 10:27:47.3046|9-|TRACE|Retrieving database connection string = Data Source=10.18.3.2; Initial Catalog=DatabaseComparatorTest1; user ID =cisco; password=CA;connection timeout=30|DBSchemaComparator.Domain.Infrastructure.Settings
2017-02-14 10:27:47.3106|9-|INFO|Selecting basic schema information from database|DBSchemaComparator.Domain.Database.DatabaseHandler
2017-02-14 10:27:50.8959|9-|WARN|Unable to retrieve basic schema information from database.|DBSchemaComparator.Domain.Database.DatabaseHandler
2017-02-14 10:28:56.8943|9-|INFO|Starting a Schema comparator application.|DBSchemaComparator.App.Program
2017-02-14 10:28:58.6171|9-|INFO|Creating settings object|DBSchemaComparator.Domain.Infrastructure.Settings
2017-02-14 10:28:58.8092|9-|TRACE|Retrieving database connection string = Data Source=10.18.3.2; Initial Catalog=DatabaseComparatorTest1; user ID =cisco; password=CA;connection timeout=30|DBSchemaComparator.Domain.Infrastructure.Settings
2017-02-14 10:28:58.8092|9-|INFO|Selecting basic schema information from database|DBSchemaComparator.Domain.Database.DatabaseHandler
2017-02-14 10:29:44.8648|9-|INFO|Starting a Schema comparator application.|DBSchemaComparator.App.Program
2017-02-14 10:29:46.8874|9-|INFO|Creating settings object|DBSchemaComparator.Domain.Infrastructure.Settings
2017-02-14 10:29:47.0545|9-|TRACE|Retrieving database connection string = Data Source=10.18.3.2; Initial Catalog=DatabaseComparatorTest1; user ID =cisco; password=SA;connection timeout=30|DBSchemaComparator.Domain.Infrastructure.Settings
2017-02-14 10:29:47.0608|9-|INFO|Selecting basic schema information from database|DBSchemaComparator.Domain.Database.DatabaseHandler
2017-02-14 10:30:05.7491|9-|WARN|Unable to retrieve basic schema information from database.|DBSchemaComparator.Domain.Database.DatabaseHandler
2017-02-14 10:32:38.8035|INFO|Starting a Schema comparator application.|DBSchemaComparator.App.Program|
2017-02-14 10:32:40.3362|INFO|Creating settings object|DBSchemaComparator.Domain.Infrastructure.Settings|
2017-02-14 10:32:40.5233|TRACE|Retrieving database connection string = Data Source=10.18.3.2; Initial Catalog=DatabaseComparatorTest1; user ID =cisco; password=SA;connection timeout=30|DBSchemaComparator.Domain.Infrastructure.Settings|
2017-02-14 10:32:40.5303|INFO|Selecting basic schema information from database|DBSchemaComparator.Domain.Database.DatabaseHandler|
2017-02-14 10:32:45.6373|WARN|Unable to retrieve basic schema information from database.|DBSchemaComparator.Domain.Database.DatabaseHandler|System.Data.SqlClient.SqlException (0x80131904): Login failed for user 'cisco'.
   at System.Data.SqlClient.SqlInternalConnectionTds..ctor(DbConnectionPoolIdentity identity, SqlConnectionString connectionOptions, SqlCredential credential, Object providerInfo, String newPassword, SecureString newSecurePassword, Boolean redirectedUserInstance, SqlConnectionString userConnectionOptions, SessionData reconnectSessionData, DbConnectionPool pool, String accessToken, Boolean applyTransientFaultHandling)
   at System.Data.SqlClient.SqlConnectionFactory.CreateConnection(DbConnectionOptions options, DbConnectionPoolKey poolKey, Object poolGroupProviderInfo, DbConnectionPool pool, DbConnection owningConnection, DbConnectionOptions userOptions)
   at System.Data.ProviderBase.DbConnectionFactory.CreatePooledConnection(DbConnectionPool pool, DbConnection owningObject, DbConnectionOptions options, DbConnectionPoolKey poolKey, DbConnectionOptions userOptions)
   at System.Data.ProviderBase.DbConnectionPool.CreateObject(DbConnection owningObject, DbConnectionOptions userOptions, DbConnectionInternal oldConnection)
   at System.Data.ProviderBase.DbConnectionPool.UserCreateRequest(DbConnection owningObject, DbConnectionOptions userOptions, DbConnectionInternal oldConnection)
   at System.Data.ProviderBase.DbConnectionPool.TryGetConnection(DbConnection owningObject, UInt32 waitForMultipleObjectsTimeout, Boolean allowCreate, Boolean onlyOneCheckConnection, DbConnectionOptions userOptions, DbConnectionInternal& connection)
   at System.Data.ProviderBase.DbConnectionPool.TryGetConnection(DbConnection owningObject, TaskCompletionSource`1 retry, DbConnectionOptions userOptions, DbConnectionInternal& connection)
   at System.Data.ProviderBase.DbConnectionFactory.TryGetConnection(DbConnection owningConnection, TaskCompletionSource`1 retry, DbConnectionOptions userOptions, DbConnectionInternal oldConnection, DbConnectionInternal& connection)
   at System.Data.ProviderBase.DbConnectionInternal.TryOpenConnectionInternal(DbConnection outerConnection, DbConnectionFactory connectionFactory, TaskCompletionSource`1 retry, DbConnectionOptions userOptions)
   at System.Data.ProviderBase.DbConnectionClosed.TryOpenConnection(DbConnection outerConnection, DbConnectionFactory connectionFactory, TaskCompletionSource`1 retry, DbConnectionOptions userOptions)
   at System.Data.SqlClient.SqlConnection.TryOpenInner(TaskCompletionSource`1 retry)
   at System.Data.SqlClient.SqlConnection.TryOpen(TaskCompletionSource`1 retry)
   at System.Data.SqlClient.SqlConnection.Open()
   at DBSchemaComparator.Domain.Database.DatabaseHandler.SelectBasicSchemaInfo(String tableName) in D:\GitRepository\schema-comparator\DBSchemaComparator.Domain\Database\DatabaseHandler.cs:line 41
ClientConnectionId:4f1421e6-02b8-44b6-81ab-fb1a24ec4e96
Error Number:18456,State:1,Class:14
2017-02-14 10:36:19.5154|INFO|Starting a Schema comparator application.|DBSchemaComparator.App.Program|
2017-02-14 10:36:21.6755|INFO|Creating settings object|DBSchemaComparator.Domain.Infrastructure.Settings|
2017-02-14 10:36:21.8617|TRACE|Retrieving database connection string = Data Source=10.18.3.2; Initial Catalog=DatabaseComparatorTest1; user ID =cisco; password=SA;connection timeout=30|DBSchemaComparator.Domain.Infrastructure.Settings|
2017-02-14 10:36:21.8617|INFO|Selecting basic schema information from database|DBSchemaComparator.Domain.Database.DatabaseHandler|
2017-02-14 10:36:23.2794|WARN|Unable to retrieve basic schema information from database.|DBSchemaComparator.Domain.Database.DatabaseHandler|System.Data.SqlClient.SqlException (0x80131904): Login failed for user 'cisco'.
   at System.Data.SqlClient.SqlInternalConnectionTds..ctor(DbConnectionPoolIdentity identity, SqlConnectionString connectionOptions, SqlCredential credential, Object providerInfo, String newPassword, SecureString newSecurePassword, Boolean redirectedUserInstance, SqlConnectionString userConnectionOptions, SessionData reconnectSessionData, DbConnectionPool pool, String accessToken, Boolean applyTransientFaultHandling)
   at System.Data.SqlClient.SqlConnectionFactory.CreateConnection(DbConnectionOptions options, DbConnectionPoolKey poolKey, Object poolGroupProviderInfo, DbConnectionPool pool, DbConnection owningConnection, DbConnectionOptions userOptions)
   at System.Data.ProviderBase.DbConnectionFactory.CreatePooledConnection(DbConnectionPool pool, DbConnection owningObject, DbConnectionOptions options, DbConnectionPoolKey poolKey, DbConnectionOptions userOptions)
   at System.Data.ProviderBase.DbConnectionPool.CreateObject(DbConnection owningObject, DbConnectionOptions userOptions, DbConnectionInternal oldConnection)
   at System.Data.ProviderBase.DbConnectionPool.UserCreateRequest(DbConnection owningObject, DbConnectionOptions userOptions, DbConnectionInternal oldConnection)
   at System.Data.ProviderBase.DbConnectionPool.TryGetConnection(DbConnection owningObject, UInt32 waitForMultipleObjectsTimeout, Boolean allowCreate, Boolean onlyOneCheckConnection, DbConnectionOptions userOptions, DbConnectionInternal& connection)
   at System.Data.ProviderBase.DbConnectionPool.TryGetConnection(DbConnection owningObject, TaskCompletionSource`1 retry, DbConnectionOptions userOptions, DbConnectionInternal& connection)
   at System.Data.ProviderBase.DbConnectionFactory.TryGetConnection(DbConnection owningConnection, TaskCompletionSource`1 retry, DbConnectionOptions userOptions, DbConnectionInternal oldConnection, DbConnectionInternal& connection)
   at System.Data.ProviderBase.DbConnectionInternal.TryOpenConnectionInternal(DbConnection outerConnection, DbConnectionFactory connectionFactory, TaskCompletionSource`1 retry, DbConnectionOptions userOptions)
   at System.Data.ProviderBase.DbConnectionClosed.TryOpenConnection(DbConnection outerConnection, DbConnectionFactory connectionFactory, TaskCompletionSource`1 retry, DbConnectionOptions userOptions)
   at System.Data.SqlClient.SqlConnection.TryOpenInner(TaskCompletionSource`1 retry)
   at System.Data.SqlClient.SqlConnection.TryOpen(TaskCompletionSource`1 retry)
   at System.Data.SqlClient.SqlConnection.Open()
   at DBSchemaComparator.Domain.Database.DatabaseHandler.SelectBasicSchemaInfo(String tableName) in D:\GitRepository\schema-comparator\DBSchemaComparator.Domain\Database\DatabaseHandler.cs:line 41
ClientConnectionId:26f20f6f-7bae-4a33-ae99-dad3b58daf73
Error Number:18456,State:1,Class:14
2017-02-14 10:42:20.9447|INFO|Starting a Schema comparator application.|DBSchemaComparator.App.Program|
2017-02-14 10:42:22.6644|INFO|Creating settings object|DBSchemaComparator.Domain.Infrastructure.Settings|
2017-02-14 10:42:22.8435|TRACE|Retrieving database connection string = Data Source=10.18.3.2; Initial Catalog=DatabaseComparatorTest1; user ID =SA; password=cisco;connection timeout=30|DBSchemaComparator.Domain.Infrastructure.Settings|
2017-02-14 10:42:22.8435|INFO|Selecting basic schema information from database|DBSchemaComparator.Domain.Database.DatabaseHandler|
2017-02-14 10:49:34.0246|INFO|Starting a Schema comparator application.|DBSchemaComparator.App.Program|
2017-02-14 10:49:36.2439|INFO|Creating settings object|DBSchemaComparator.Domain.Infrastructure.Settings|
2017-02-14 10:49:36.4248|TRACE|Retrieving database connection string = Data Source=10.18.3.2; Initial Catalog=DatabaseComparatorTest1; user ID =SA; password=cisco;connection timeout=30|DBSchemaComparator.Domain.Infrastructure.Settings|
2017-02-14 10:49:36.4248|INFO|Selecting basic schema information from database|DBSchemaComparator.Domain.Database.DatabaseHandler|
2017-02-14 10:52:01.1875|INFO|Starting a Schema comparator application.|DBSchemaComparator.App.Program|
2017-02-14 10:52:03.7220|INFO|Creating settings object|DBSchemaComparator.Domain.Infrastructure.Settings|
2017-02-14 10:52:03.8991|TRACE|Retrieving database connection string = Data Source=10.18.3.2; Initial Catalog=DatabaseComparatorTest1; user ID =SA; password=cisco;connection timeout=30|DBSchemaComparator.Domain.Infrastructure.Settings|
2017-02-14 10:52:03.9051|INFO|Selecting basic schema information from database|DBSchemaComparator.Domain.Database.DatabaseHandler|
2017-02-14 10:53:05.4569|INFO|Starting a Schema comparator application.|DBSchemaComparator.App.Program|
2017-02-14 10:53:05.4780|INFO|Creating settings object|DBSchemaComparator.Domain.Infrastructure.Settings|
2017-02-14 10:53:05.6421|TRACE|Retrieving database connection string = Data Source=10.18.3.2; Initial Catalog=DatabaseComparatorTest1; user ID =SA; password=cisco;connection timeout=30|DBSchemaComparator.Domain.Infrastructure.Settings|
2017-02-14 10:53:05.6421|INFO|Selecting basic schema information from database|DBSchemaComparator.Domain.Database.DatabaseHandler|
2017-02-14 10:53:18.1747|WARN|System.InvalidCastException: Specified cast is not valid.
   at System.Data.SqlClient.SqlBuffer.get_Int32()
   at System.Data.SqlClient.SqlDataReader.GetInt32(Int32 i)
   at DBSchemaComparator.Domain.Database.DatabaseHandler.SelectBasicSchemaInfo(String tableName) in D:\GitRepository\schema-comparator\DBSchemaComparator.Domain\Database\DatabaseHandler.cs:line 47|DBSchemaComparator.Domain.Database.DatabaseHandler|System.InvalidCastException: Specified cast is not valid.
   at System.Data.SqlClient.SqlBuffer.get_Int32()
   at System.Data.SqlClient.SqlDataReader.GetInt32(Int32 i)
   at DBSchemaComparator.Domain.Database.DatabaseHandler.SelectBasicSchemaInfo(String tableName) in D:\GitRepository\schema-comparator\DBSchemaComparator.Domain\Database\DatabaseHandler.cs:line 47
2017-02-14 10:58:18.6338|INFO|Starting a Schema comparator application.|DBSchemaComparator.App.Program|
2017-02-14 10:58:18.6759|INFO|Creating settings object|DBSchemaComparator.Domain.Infrastructure.Settings|
2017-02-14 10:58:18.8460|TRACE|Retrieving database connection string = Data Source=10.18.3.2; Initial Catalog=DatabaseComparatorTest1; user ID =SA; password=cisco;connection timeout=30|DBSchemaComparator.Domain.Infrastructure.Settings|
2017-02-14 10:58:18.8460|INFO|Selecting basic schema information from database|DBSchemaComparator.Domain.Database.DatabaseHandler|
2017-02-14 10:58:57.5060|INFO|Starting a Schema comparator application.|DBSchemaComparator.App.Program|
2017-02-14 10:58:57.5320|INFO|Creating settings object|DBSchemaComparator.Domain.Infrastructure.Settings|
2017-02-14 10:58:57.7191|TRACE|Retrieving database connection string = Data Source=10.18.3.2; Initial Catalog=DatabaseComparatorTest1; user ID =SA; password=cisco;connection timeout=30|DBSchemaComparator.Domain.Infrastructure.Settings|
2017-02-14 10:58:57.7191|INFO|Selecting basic schema information from database|DBSchemaComparator.Domain.Database.DatabaseHandler|
2017-02-14 10:59:41.2740|INFO|Starting a Schema comparator application.|DBSchemaComparator.App.Program|
2017-02-14 10:59:41.3001|INFO|Creating settings object|DBSchemaComparator.Domain.Infrastructure.Settings|
2017-02-14 10:59:41.5172|TRACE|Retrieving database connection string = Data Source=10.18.3.2; Initial Catalog=DatabaseComparatorTest1; user ID =SA; password=cisco;connection timeout=30|DBSchemaComparator.Domain.Infrastructure.Settings|
2017-02-14 10:59:41.5172|INFO|Selecting basic schema information from database|DBSchemaComparator.Domain.Database.DatabaseHandler|
2017-02-14 11:01:25.3233|INFO|Starting a Schema comparator application.|DBSchemaComparator.App.Program|
2017-02-14 11:01:25.3443|INFO|Creating settings object|DBSchemaComparator.Domain.Infrastructure.Settings|
2017-02-14 11:01:25.5224|TRACE|Retrieving database connection string = Data Source=10.18.3.2; Initial Catalog=DatabaseComparatorTest1; user ID =SA; password=cisco;connection timeout=30|DBSchemaComparator.Domain.Infrastructure.Settings|
2017-02-14 11:01:25.5224|INFO|Selecting basic schema information from database|DBSchemaComparator.Domain.Database.DatabaseHandler|
2017-02-14 11:01:42.2885|INFO|Starting a Schema comparator application.|DBSchemaComparator.App.Program|
2017-02-14 11:01:42.3135|INFO|Creating settings object|DBSchemaComparator.Domain.Infrastructure.Settings|
2017-02-14 11:01:42.5316|TRACE|Retrieving database connection string = Data Source=10.18.3.2; Initial Catalog=DatabaseComparatorTest1; user ID =SA; password=cisco;connection timeout=30|DBSchemaComparator.Domain.Infrastructure.Settings|
2017-02-14 11:01:42.5316|INFO|Selecting basic schema information from database|DBSchemaComparator.Domain.Database.DatabaseHandler|
2017-02-14 11:02:02.0776|INFO|Starting a Schema comparator application.|DBSchemaComparator.App.Program|
2017-02-14 11:02:02.1037|INFO|Creating settings object|DBSchemaComparator.Domain.Infrastructure.Settings|
2017-02-14 11:02:02.2878|TRACE|Retrieving database connection string = Data Source=10.18.3.2; Initial Catalog=DatabaseComparatorTest1; user ID =SA; password=cisco;connection timeout=30|DBSchemaComparator.Domain.Infrastructure.Settings|
2017-02-14 11:02:02.2878|INFO|Selecting basic schema information from database|DBSchemaComparator.Domain.Database.DatabaseHandler|
2017-02-14 11:02:17.7642|INFO|Starting a Schema comparator application.|DBSchemaComparator.App.Program|
2017-02-14 11:02:17.7852|INFO|Creating settings object|DBSchemaComparator.Domain.Infrastructure.Settings|
2017-02-14 11:02:18.0044|TRACE|Retrieving database connection string = Data Source=10.18.3.2; Initial Catalog=DatabaseComparatorTest1; user ID =SA; password=cisco;connection timeout=30|DBSchemaComparator.Domain.Infrastructure.Settings|
2017-02-14 11:02:18.0044|INFO|Selecting basic schema information from database|DBSchemaComparator.Domain.Database.DatabaseHandler|
2017-02-14 11:02:54.2299|INFO|Starting a Schema comparator application.|DBSchemaComparator.App.Program|
2017-02-14 11:02:54.2499|INFO|Creating settings object|DBSchemaComparator.Domain.Infrastructure.Settings|
2017-02-14 11:02:54.4191|TRACE|Retrieving database connection string = Data Source=10.18.3.2; Initial Catalog=DatabaseComparatorTest1; user ID =SA; password=cisco;connection timeout=30|DBSchemaComparator.Domain.Infrastructure.Settings|
2017-02-14 11:02:54.4261|INFO|Selecting basic schema information from database|DBSchemaComparator.Domain.Database.DatabaseHandler|
2017-02-14 11:03:02.7625|WARN|System.InvalidCastException: Specified cast is not valid.
   at System.Data.SqlClient.SqlBuffer.get_Int32()
   at System.Data.SqlClient.SqlDataReader.GetInt32(Int32 i)
   at DBSchemaComparator.Domain.Database.DatabaseHandler.SelectBasicSchemaInfo(String tableName) in D:\GitRepository\schema-comparator\DBSchemaComparator.Domain\Database\DatabaseHandler.cs:line 47|DBSchemaComparator.Domain.Database.DatabaseHandler|System.InvalidCastException: Specified cast is not valid.
   at System.Data.SqlClient.SqlBuffer.get_Int32()
   at System.Data.SqlClient.SqlDataReader.GetInt32(Int32 i)
   at DBSchemaComparator.Domain.Database.DatabaseHandler.SelectBasicSchemaInfo(String tableName) in D:\GitRepository\schema-comparator\DBSchemaComparator.Domain\Database\DatabaseHandler.cs:line 47
2017-02-14 11:03:14.9116|INFO|Starting a Schema comparator application.|DBSchemaComparator.App.Program|
2017-02-14 11:03:14.9377|INFO|Creating settings object|DBSchemaComparator.Domain.Infrastructure.Settings|
2017-02-14 11:03:15.1548|TRACE|Retrieving database connection string = Data Source=10.18.3.2; Initial Catalog=DatabaseComparatorTest1; user ID =SA; password=cisco;connection timeout=30|DBSchemaComparator.Domain.Infrastructure.Settings|
2017-02-14 11:03:15.1608|INFO|Selecting basic schema information from database|DBSchemaComparator.Domain.Database.DatabaseHandler|
2017-02-14 11:08:40.3707|INFO|Starting a Schema comparator application.|DBSchemaComparator.App.Program|
2017-02-14 11:08:40.3907|INFO|Creating settings object|DBSchemaComparator.Domain.Infrastructure.Settings|
2017-02-14 11:08:40.5478|TRACE|Retrieving database connection string = Data Source=10.18.3.2; Initial Catalog=DatabaseComparatorTest1; user ID =SA; password=cisco;connection timeout=30|DBSchemaComparator.Domain.Infrastructure.Settings|
2017-02-14 11:08:40.5478|INFO|Selecting basic schema information from database|DBSchemaComparator.Domain.Database.DatabaseHandler|
2017-02-14 11:09:17.8506|INFO|Starting a Schema comparator application.|DBSchemaComparator.App.Program|
2017-02-14 11:09:17.8737|INFO|Creating settings object|DBSchemaComparator.Domain.Infrastructure.Settings|
2017-02-14 11:09:18.0258|TRACE|Retrieving database connection string = Data Source=10.18.3.2; Initial Catalog=DatabaseComparatorTest1; user ID =SA; password=cisco;connection timeout=30|DBSchemaComparator.Domain.Infrastructure.Settings|
2017-02-14 11:09:18.0258|INFO|Selecting basic schema information from database|DBSchemaComparator.Domain.Database.DatabaseHandler|
2017-02-14 11:10:00.6490|INFO|Starting a Schema comparator application.|DBSchemaComparator.App.Program|
2017-02-14 11:10:00.6701|INFO|Creating settings object|DBSchemaComparator.Domain.Infrastructure.Settings|
2017-02-14 11:10:00.8932|TRACE|Retrieving database connection string = Data Source=10.18.3.2; Initial Catalog=DatabaseComparatorTest1; user ID =SA; password=cisco;connection timeout=30|DBSchemaComparator.Domain.Infrastructure.Settings|
2017-02-14 11:10:00.8932|INFO|Selecting basic schema information from database|DBSchemaComparator.Domain.Database.DatabaseHandler|
2017-02-14 13:40:41.8827|INFO|Starting a Schema comparator application.|DBSchemaComparator.App.Program|
2017-02-14 13:40:41.9047|INFO|Creating settings object|DBSchemaComparator.Domain.Infrastructure.Settings|
2017-02-14 13:40:42.0678|TRACE|Retrieving database connection string = Data Source=10.18.3.2; Initial Catalog=DatabaseComparatorTest1; user ID =SA; password=cisco;connection timeout=30|DBSchemaComparator.Domain.Infrastructure.Settings|
2017-02-14 13:40:42.0678|INFO|Selecting basic schema information from database|DBSchemaComparator.Domain.Database.DatabaseHandler|
2017-02-14 13:58:04.4006|INFO|Starting a Schema comparator application.|DBSchemaComparator.App.Program|
2017-02-14 13:58:04.4226|INFO|Creating settings object|DBSchemaComparator.Domain.Infrastructure.Settings|
2017-02-14 13:58:04.6337|TRACE|Retrieving database connection string = Data Source=10.18.3.2; Initial Catalog=DatabaseComparatorTest1; user ID =SA; password=cisco;connection timeout=30|DBSchemaComparator.Domain.Infrastructure.Settings|
2017-02-14 13:58:04.6397|INFO|Selecting basic schema information from database|DBSchemaComparator.Domain.Database.DatabaseHandler|
2017-02-14 13:58:12.0640|WARN|Unable to retrieve basic schema information from database.|DBSchemaComparator.Domain.Database.DatabaseHandler|System.Data.SqlClient.SqlException (0x80131904): The data types nvarchar and text are incompatible in the equal to operator.
   at System.Data.SqlClient.SqlConnection.OnError(SqlException exception, Boolean breakConnection, Action`1 wrapCloseInAction)
   at System.Data.SqlClient.SqlInternalConnection.OnError(SqlException exception, Boolean breakConnection, Action`1 wrapCloseInAction)
   at System.Data.SqlClient.TdsParser.ThrowExceptionAndWarning(TdsParserStateObject stateObj, Boolean callerHasConnectionLock, Boolean asyncClose)
   at System.Data.SqlClient.TdsParser.TryRun(RunBehavior runBehavior, SqlCommand cmdHandler, SqlDataReader dataStream, BulkCopySimpleResultSet bulkCopyHandler, TdsParserStateObject stateObj, Boolean& dataReady)
   at System.Data.SqlClient.SqlDataReader.TryConsumeMetaData()
   at System.Data.SqlClient.SqlDataReader.get_MetaData()
   at System.Data.SqlClient.SqlCommand.FinishExecuteReader(SqlDataReader ds, RunBehavior runBehavior, String resetOptionsString)
   at System.Data.SqlClient.SqlCommand.RunExecuteReaderTds(CommandBehavior cmdBehavior, RunBehavior runBehavior, Boolean returnStream, Boolean async, Int32 timeout, Task& task, Boolean asyncWrite, SqlDataReader ds, Boolean describeParameterEncryptionRequest)
   at System.Data.SqlClient.SqlCommand.RunExecuteReader(CommandBehavior cmdBehavior, RunBehavior runBehavior, Boolean returnStream, String method, TaskCompletionSource`1 completion, Int32 timeout, Task& task, Boolean asyncWrite)
   at System.Data.SqlClient.SqlCommand.RunExecuteReader(CommandBehavior cmdBehavior, RunBehavior runBehavior, Boolean returnStream, String method)
   at System.Data.SqlClient.SqlCommand.ExecuteReader(CommandBehavior behavior, String method)
   at System.Data.SqlClient.SqlCommand.ExecuteReader()
   at DBSchemaComparator.Domain.Database.DatabaseHandler.SelectBasicSchemaInfo(String tableName) in D:\GitRepository\schema-comparator\DBSchemaComparator.Domain\Database\DatabaseHandler.cs:line 76
ClientConnectionId:6fd1d29f-f44d-436e-aa1b-5bc7af35c57b
Error Number:402,State:1,Class:16
2017-02-14 13:58:34.2430|INFO|Starting a Schema comparator application.|DBSchemaComparator.App.Program|
2017-02-14 13:58:34.2631|INFO|Creating settings object|DBSchemaComparator.Domain.Infrastructure.Settings|
2017-02-14 13:58:34.4182|TRACE|Retrieving database connection string = Data Source=10.18.3.2; Initial Catalog=DatabaseComparatorTest1; user ID =SA; password=cisco;connection timeout=30|DBSchemaComparator.Domain.Infrastructure.Settings|
2017-02-14 13:58:34.4241|INFO|Selecting basic schema information from database|DBSchemaComparator.Domain.Database.DatabaseHandler|
2017-02-14 14:01:02.5216|INFO|Starting a Schema comparator application.|DBSchemaComparator.App.Program|
2017-02-14 14:01:02.5567|INFO|Creating settings object|DBSchemaComparator.Domain.Infrastructure.Settings|
2017-02-14 14:01:02.7788|TRACE|Retrieving database connection string = Data Source=10.18.3.2; Initial Catalog=DatabaseComparatorTest1; user ID =SA; password=cisco;connection timeout=30|DBSchemaComparator.Domain.Infrastructure.Settings|
2017-02-14 14:01:02.7868|INFO|Selecting basic schema information from database|DBSchemaComparator.Domain.Database.DatabaseHandler|
2017-02-14 16:17:59.1446|INFO|Starting a Schema comparator application.|DBSchemaComparator.App.Program|
2017-02-14 16:17:59.1796|INFO|Creating settings object|DBSchemaComparator.Domain.Infrastructure.Settings|
2017-02-14 16:17:59.5599|TRACE|Retrieving database connection string = Data Source=10.18.3.2; Initial Catalog=DatabaseComparatorTest1; user ID =SA; password=cisco;connection timeout=30|DBSchemaComparator.Domain.Infrastructure.Settings|
2017-02-14 16:17:59.5599|INFO|Selecting basic schema information from database|DBSchemaComparator.Domain.Database.DatabaseHandler|
2017-02-14 16:18:38.5162|INFO|Starting a Schema comparator application.|DBSchemaComparator.App.Program|
2017-02-14 16:18:38.5533|INFO|Creating settings object|DBSchemaComparator.Domain.Infrastructure.Settings|
2017-02-14 16:18:38.8715|TRACE|Retrieving database connection string = Data Source=10.18.3.2; Initial Catalog=DatabaseComparatorTest1; user ID =SA; password=cisco;connection timeout=30|DBSchemaComparator.Domain.Infrastructure.Settings|
2017-02-14 16:18:38.8715|INFO|Selecting basic schema information from database|DBSchemaComparator.Domain.Database.DatabaseHandler|
2017-02-14 16:26:18.7037|INFO|Starting a Schema comparator application.|DBSchemaComparator.App.Program|
2017-02-14 16:26:18.7277|INFO|Creating settings object|DBSchemaComparator.Domain.Infrastructure.Settings|
2017-02-14 16:26:18.8928|TRACE|Retrieving database connection string = Data Source=10.18.3.2; Initial Catalog=DatabaseComparatorTest1; user ID =SA; password=cisco;connection timeout=30|DBSchemaComparator.Domain.Infrastructure.Settings|
2017-02-14 16:26:18.8928|INFO|Selecting basic schema information from database|DBSchemaComparator.Domain.Database.DatabaseHandler|
2017-02-14 16:26:34.1169|INFO|Starting a Schema comparator application.|DBSchemaComparator.App.Program|
2017-02-14 16:26:34.1389|INFO|Creating settings object|DBSchemaComparator.Domain.Infrastructure.Settings|
2017-02-14 16:26:34.3440|TRACE|Retrieving database connection string = Data Source=10.18.3.2; Initial Catalog=DatabaseComparatorTest1; user ID =SA; password=cisco;connection timeout=30|DBSchemaComparator.Domain.Infrastructure.Settings|
2017-02-14 16:26:34.3440|INFO|Selecting basic schema information from database|DBSchemaComparator.Domain.Database.DatabaseHandler|
2017-02-14 16:28:49.1395|INFO|Starting a Schema comparator application.|DBSchemaComparator.App.Program|
2017-02-14 16:28:49.1595|INFO|Creating settings object|DBSchemaComparator.Domain.Infrastructure.Settings|
2017-02-14 16:28:49.3196|TRACE|Retrieving database connection string = Data Source=10.18.3.2; Initial Catalog=DatabaseComparatorTest1; user ID =SA; password=cisco;connection timeout=30|DBSchemaComparator.Domain.Infrastructure.Settings|
2017-02-14 16:28:49.3263|INFO|Selecting basic schema information from database|DBSchemaComparator.Domain.Database.DatabaseHandler|
2017-02-14 16:28:49.4360|WARN|Unable to retrieve basic schema information from database.|DBSchemaComparator.Domain.Database.DatabaseHandler|System.Data.SqlClient.SqlException (0x80131904): The parameterized query '(@TABLE_NAME nvarchar(1),@Parameter1 nvarchar(4000))SELECT * FRO' expects the parameter '@Parameter1', which was not supplied.
   at System.Data.SqlClient.SqlConnection.OnError(SqlException exception, Boolean breakConnection, Action`1 wrapCloseInAction)
   at System.Data.SqlClient.SqlInternalConnection.OnError(SqlException exception, Boolean breakConnection, Action`1 wrapCloseInAction)
   at System.Data.SqlClient.TdsParser.ThrowExceptionAndWarning(TdsParserStateObject stateObj, Boolean callerHasConnectionLock, Boolean asyncClose)
   at System.Data.SqlClient.TdsParser.TryRun(RunBehavior runBehavior, SqlCommand cmdHandler, SqlDataReader dataStream, BulkCopySimpleResultSet bulkCopyHandler, TdsParserStateObject stateObj, Boolean& dataReady)
   at System.Data.SqlClient.SqlDataReader.TryConsumeMetaData()
   at System.Data.SqlClient.SqlDataReader.get_MetaData()
   at System.Data.SqlClient.SqlCommand.FinishExecuteReader(SqlDataReader ds, RunBehavior runBehavior, String resetOptionsString)
   at System.Data.SqlClient.SqlCommand.RunExecuteReaderTds(CommandBehavior cmdBehavior, RunBehavior runBehavior, Boolean returnStream, Boolean async, Int32 timeout, Task& task, Boolean asyncWrite, SqlDataReader ds, Boolean describeParameterEncryptionRequest)
   at System.Data.SqlClient.SqlCommand.RunExecuteReader(CommandBehavior cmdBehavior, RunBehavior runBehavior, Boolean returnStream, String method, TaskCompletionSource`1 completion, Int32 timeout, Task& task, Boolean asyncWrite)
   at System.Data.SqlClient.SqlCommand.RunExecuteReader(CommandBehavior cmdBehavior, RunBehavior runBehavior, Boolean returnStream, String method)
   at System.Data.SqlClient.SqlCommand.ExecuteReader(CommandBehavior behavior, String method)
   at System.Data.SqlClient.SqlCommand.ExecuteReader()
   at DBSchemaComparator.Domain.Database.DatabaseHandler.SelectBasicSchemaInfo(String tableName) in D:\GitRepository\schema-comparator\DBSchemaComparator.Domain\Database\DatabaseHandler.cs:line 77
ClientConnectionId:09500ad8-ce0d-408e-8e01-b2f13ca9935f
Error Number:8178,State:1,Class:16
2017-02-14 16:29:33.1956|INFO|Starting a Schema comparator application.|DBSchemaComparator.App.Program|
2017-02-14 16:29:33.2216|INFO|Creating settings object|DBSchemaComparator.Domain.Infrastructure.Settings|
2017-02-14 16:29:33.3807|TRACE|Retrieving database connection string = Data Source=10.18.3.2; Initial Catalog=DatabaseComparatorTest1; user ID =SA; password=cisco;connection timeout=30|DBSchemaComparator.Domain.Infrastructure.Settings|
2017-02-14 16:29:33.3807|INFO|Selecting basic schema information from database|DBSchemaComparator.Domain.Database.DatabaseHandler|
2017-02-14 16:29:51.9719|INFO|Starting a Schema comparator application.|DBSchemaComparator.App.Program|
2017-02-14 16:29:51.9959|INFO|Creating settings object|DBSchemaComparator.Domain.Infrastructure.Settings|
2017-02-14 16:29:52.2060|TRACE|Retrieving database connection string = Data Source=10.18.3.2; Initial Catalog=DatabaseComparatorTest1; user ID =SA; password=cisco;connection timeout=30|DBSchemaComparator.Domain.Infrastructure.Settings|
2017-02-14 16:29:52.2060|INFO|Selecting basic schema information from database|DBSchemaComparator.Domain.Database.DatabaseHandler|
2017-02-14 16:33:47.1263|INFO|Starting a Schema comparator application.|DBSchemaComparator.App.Program|
2017-02-14 16:33:47.1503|INFO|Creating settings object|DBSchemaComparator.Domain.Infrastructure.Settings|
2017-02-14 16:33:47.3044|TRACE|Retrieving database connection string = Data Source=10.18.3.2; Initial Catalog=DatabaseComparatorTest1; user ID =SA; password=cisco;connection timeout=30|DBSchemaComparator.Domain.Infrastructure.Settings|
2017-02-14 16:33:47.3044|INFO|Selecting basic schema information from database|DBSchemaComparator.Domain.Database.DatabaseHandler|
2017-02-14 16:33:47.4286|WARN|Unable to retrieve basic schema information from database.|DBSchemaComparator.Domain.Database.DatabaseHandler|System.Data.SqlClient.SqlException (0x80131904): Must declare the scalar variable "@TABLE_NAME".
   at System.Data.SqlClient.SqlConnection.OnError(SqlException exception, Boolean breakConnection, Action`1 wrapCloseInAction)
   at System.Data.SqlClient.SqlInternalConnection.OnError(SqlException exception, Boolean breakConnection, Action`1 wrapCloseInAction)
   at System.Data.SqlClient.TdsParser.ThrowExceptionAndWarning(TdsParserStateObject stateObj, Boolean callerHasConnectionLock, Boolean asyncClose)
   at System.Data.SqlClient.TdsParser.TryRun(RunBehavior runBehavior, SqlCommand cmdHandler, SqlDataReader dataStream, BulkCopySimpleResultSet bulkCopyHandler, TdsParserStateObject stateObj, Boolean& dataReady)
   at System.Data.SqlClient.SqlDataReader.TryConsumeMetaData()
   at System.Data.SqlClient.SqlDataReader.get_MetaData()
   at System.Data.SqlClient.SqlCommand.FinishExecuteReader(SqlDataReader ds, RunBehavior runBehavior, String resetOptionsString)
   at System.Data.SqlClient.SqlCommand.RunExecuteReaderTds(CommandBehavior cmdBehavior, RunBehavior runBehavior, Boolean returnStream, Boolean async, Int32 timeout, Task& task, Boolean asyncWrite, SqlDataReader ds, Boolean describeParameterEncryptionRequest)
   at System.Data.SqlClient.SqlCommand.RunExecuteReader(CommandBehavior cmdBehavior, RunBehavior runBehavior, Boolean returnStream, String method, TaskCompletionSource`1 completion, Int32 timeout, Task& task, Boolean asyncWrite)
   at System.Data.SqlClient.SqlCommand.RunExecuteReader(CommandBehavior cmdBehavior, RunBehavior runBehavior, Boolean returnStream, String method)
   at System.Data.SqlClient.SqlCommand.ExecuteReader(CommandBehavior behavior, String method)
   at System.Data.SqlClient.SqlCommand.ExecuteReader()
   at DBSchemaComparator.Domain.Database.DatabaseHandler.SelectBasicSchemaInfo(String tableName) in D:\GitRepository\schema-comparator\DBSchemaComparator.Domain\Database\DatabaseHandler.cs:line 80
ClientConnectionId:ebcf2576-0394-4df6-a80e-81022e0e0871
Error Number:137,State:2,Class:15
2017-02-14 16:34:05.1996|INFO|Starting a Schema comparator application.|DBSchemaComparator.App.Program|
2017-02-14 16:34:05.2246|INFO|Creating settings object|DBSchemaComparator.Domain.Infrastructure.Settings|
2017-02-14 16:34:05.4007|TRACE|Retrieving database connection string = Data Source=10.18.3.2; Initial Catalog=DatabaseComparatorTest1; user ID =SA; password=cisco;connection timeout=30|DBSchemaComparator.Domain.Infrastructure.Settings|
2017-02-14 16:34:05.4067|INFO|Selecting basic schema information from database|DBSchemaComparator.Domain.Database.DatabaseHandler|
2017-02-14 16:34:05.4887|WARN|Unable to retrieve basic schema information from database.|DBSchemaComparator.Domain.Database.DatabaseHandler|System.Data.SqlClient.SqlException (0x80131904): Must declare the scalar variable "@TABLE_NAME".
   at System.Data.SqlClient.SqlConnection.OnError(SqlException exception, Boolean breakConnection, Action`1 wrapCloseInAction)
   at System.Data.SqlClient.SqlInternalConnection.OnError(SqlException exception, Boolean breakConnection, Action`1 wrapCloseInAction)
   at System.Data.SqlClient.TdsParser.ThrowExceptionAndWarning(TdsParserStateObject stateObj, Boolean callerHasConnectionLock, Boolean asyncClose)
   at System.Data.SqlClient.TdsParser.TryRun(RunBehavior runBehavior, SqlCommand cmdHandler, SqlDataReader dataStream, BulkCopySimpleResultSet bulkCopyHandler, TdsParserStateObject stateObj, Boolean& dataReady)
   at System.Data.SqlClient.SqlDataReader.TryConsumeMetaData()
   at System.Data.SqlClient.SqlDataReader.get_MetaData()
   at System.Data.SqlClient.SqlCommand.FinishExecuteReader(SqlDataReader ds, RunBehavior runBehavior, String resetOptionsString)
   at System.Data.SqlClient.SqlCommand.RunExecuteReaderTds(CommandBehavior cmdBehavior, RunBehavior runBehavior, Boolean returnStream, Boolean async, Int32 timeout, Task& task, Boolean asyncWrite, SqlDataReader ds, Boolean describeParameterEncryptionRequest)
   at System.Data.SqlClient.SqlCommand.RunExecuteReader(CommandBehavior cmdBehavior, RunBehavior runBehavior, Boolean returnStream, String method, TaskCompletionSource`1 completion, Int32 timeout, Task& task, Boolean asyncWrite)
   at System.Data.SqlClient.SqlCommand.RunExecuteReader(CommandBehavior cmdBehavior, RunBehavior runBehavior, Boolean returnStream, String method)
   at System.Data.SqlClient.SqlCommand.ExecuteReader(CommandBehavior behavior, String method)
   at System.Data.SqlClient.SqlCommand.ExecuteReader()
   at DBSchemaComparator.Domain.Database.DatabaseHandler.SelectBasicSchemaInfo(String tableName) in D:\GitRepository\schema-comparator\DBSchemaComparator.Domain\Database\DatabaseHandler.cs:line 80
ClientConnectionId:fb48827c-b9d7-4d68-ba46-f27441dceddf
Error Number:137,State:2,Class:15
2017-02-14 16:34:18.9146|INFO|Starting a Schema comparator application.|DBSchemaComparator.App.Program|
2017-02-14 16:34:39.5276|INFO|Starting a Schema comparator application.|DBSchemaComparator.App.Program|
2017-02-14 16:34:39.5466|INFO|Creating settings object|DBSchemaComparator.Domain.Infrastructure.Settings|
2017-02-14 16:34:39.7147|TRACE|Retrieving database connection string = Data Source=10.18.3.2; Initial Catalog=DatabaseComparatorTest1; user ID =SA; password=cisco;connection timeout=30|DBSchemaComparator.Domain.Infrastructure.Settings|
2017-02-14 16:34:39.7227|INFO|Selecting basic schema information from database|DBSchemaComparator.Domain.Database.DatabaseHandler|
2017-02-14 16:36:11.9740|INFO|Starting a Schema comparator application.|DBSchemaComparator.App.Program|
2017-02-14 16:36:11.9970|INFO|Creating settings object|DBSchemaComparator.Domain.Infrastructure.Settings|
2017-02-14 16:36:12.1772|TRACE|Retrieving database connection string = Data Source=10.18.3.2; Initial Catalog=DatabaseComparatorTest1; user ID =SA; password=cisco;connection timeout=30|DBSchemaComparator.Domain.Infrastructure.Settings|
2017-02-14 16:36:12.1772|INFO|Selecting basic schema information from database|DBSchemaComparator.Domain.Database.DatabaseHandler|
