2017-02-16 09:45:16.7363|INFO|Starting a Schema comparator application.|DBSchemaComparator.App.Program|
2017-02-16 09:45:16.7653|INFO|Creating settings object|DBSchemaComparator.Domain.Infrastructure.Settings|
2017-02-16 09:45:16.8263|DEBUG|Loading settings from file config.json|DBSchemaComparator.Domain.Infrastructure.Settings|
2017-02-16 09:45:16.8263|DEBUG|Config file content:
 {
  "DatabaseConnections": [
    {
      "DbName": "DatabaseComparatorTest1",
      "IpAddress": "10.18.3.2",
      "Pass": "cisco",
      "Username": "SA",
      "Timeout": 10,
      "DbType": "SqlServer"
    },
    {
      "DbName": "DatabaseComparatorTest2",
      "IpAddress": "10.18.3.111",
      "Pass": "cisco",
      "Username": "SA",
      "Timeout": 10 ,
      "DbType" : "SqlServer" 
    }
  ]

}
|DBSchemaComparator.Domain.Infrastructure.Settings|
2017-02-16 09:45:16.8293|DEBUG|Deserializing json to object|DBSchemaComparator.Domain.Infrastructure.Settings|
2017-02-16 09:45:17.0014|DEBUG|Deserialized object:
|DBSchemaComparator.Domain.Infrastructure.Settings|
2017-02-16 09:45:21.6323|TRACE|Retrieving database connection string = Data Source=10.18.3.2; Initial Catalog=DatabaseComparatorTest1; user ID =SA; password=cisco;connection timeout=10|DBSchemaComparator.Domain.Infrastructure.Settings|
2017-02-16 09:45:21.6323|TRACE|Retrieving database connection string = Data Source=10.18.3.111; Initial Catalog=DatabaseComparatorTest2; user ID =SA; password=cisco;connection timeout=10|DBSchemaComparator.Domain.Infrastructure.Settings|
2017-02-16 09:45:21.6453|INFO|Selecting basic schema information about tables from database|DBSchemaComparator.Domain.Database.DatabaseHandler|
2017-02-16 09:45:21.6453|INFO|Querying database with SELECT TABLE_NAME FROM [INFORMATION_SCHEMA].[COLUMNS]|DBSchemaComparator.Domain.Database.DatabaseHandler|
2017-02-16 09:45:46.6710|INFO|Starting a Schema comparator application.|DBSchemaComparator.App.Program|
2017-02-16 09:45:46.6950|INFO|Creating settings object|DBSchemaComparator.Domain.Infrastructure.Settings|
2017-02-16 09:45:46.7040|DEBUG|Loading settings from file config.json|DBSchemaComparator.Domain.Infrastructure.Settings|
2017-02-16 09:45:46.7040|DEBUG|Config file content:
 {
  "DatabaseConnections": [
    {
      "DbName": "DatabaseComparatorTest1",
      "IpAddress": "10.18.3.2",
      "Pass": "cisco",
      "Username": "SA",
      "Timeout": 10,
      "DbType": "SqlServer"
    },
    {
      "DbName": "DatabaseComparatorTest2",
      "IpAddress": "10.18.3.111",
      "Pass": "cisco",
      "Username": "SA",
      "Timeout": 10 ,
      "DbType" : "SqlServer" 
    }
  ]

}
|DBSchemaComparator.Domain.Infrastructure.Settings|
2017-02-16 09:45:46.7040|DEBUG|Deserializing json to object|DBSchemaComparator.Domain.Infrastructure.Settings|
2017-02-16 09:45:46.9872|DEBUG|Deserialized object:
|DBSchemaComparator.Domain.Infrastructure.Settings|
2017-02-16 09:45:46.9872|TRACE|Retrieving database connection string = Data Source=10.18.3.2; Initial Catalog=DatabaseComparatorTest1; user ID =SA; password=cisco;connection timeout=10|DBSchemaComparator.Domain.Infrastructure.Settings|
2017-02-16 09:45:46.9872|TRACE|Retrieving database connection string = Data Source=10.18.3.111; Initial Catalog=DatabaseComparatorTest2; user ID =SA; password=cisco;connection timeout=10|DBSchemaComparator.Domain.Infrastructure.Settings|
2017-02-16 09:45:51.6791|INFO|Selecting basic schema information about tables from database|DBSchemaComparator.Domain.Database.DatabaseHandler|
2017-02-16 09:45:51.6791|INFO|Querying database with SELECT TABLE_NAME FROM [INFORMATION_SCHEMA].[COLUMNS]|DBSchemaComparator.Domain.Database.DatabaseHandler|
2017-02-16 09:54:05.8239|INFO|Starting a Schema comparator application.|DBSchemaComparator.App.Program|
2017-02-16 09:54:05.8529|INFO|Creating settings object|DBSchemaComparator.Domain.Infrastructure.Settings|
2017-02-16 09:54:05.8640|DEBUG|Loading settings from file config.json|DBSchemaComparator.Domain.Infrastructure.Settings|
2017-02-16 09:54:05.8640|DEBUG|Config file content:
 {
  "DatabaseConnections": [
    {
      "DbName": "DatabaseComparatorTest1",
      "IpAddress": "10.18.3.2",
      "Pass": "cisco",
      "Username": "SA",
      "Timeout": 10,
      "DbType": "SqlServer"
    },
    {
      "DbName": "DatabaseComparatorTest2",
      "IpAddress": "10.18.3.111",
      "Pass": "cisco",
      "Username": "SA",
      "Timeout": 10 ,
      "DbType" : "SqlServer" 
    }
  ]

}
|DBSchemaComparator.Domain.Infrastructure.Settings|
2017-02-16 09:54:05.8640|DEBUG|Deserializing json to object|DBSchemaComparator.Domain.Infrastructure.Settings|
2017-02-16 09:54:06.1181|DEBUG|Deserialized object:
|DBSchemaComparator.Domain.Infrastructure.Settings|
2017-02-16 09:54:06.1211|TRACE|Retrieving database connection string = Data Source=10.18.3.2; Initial Catalog=DatabaseComparatorTest1; user ID =SA; password=cisco;connection timeout=10|DBSchemaComparator.Domain.Infrastructure.Settings|
2017-02-16 09:54:06.1211|TRACE|Retrieving database connection string = Data Source=10.18.3.111; Initial Catalog=DatabaseComparatorTest2; user ID =SA; password=cisco;connection timeout=10|DBSchemaComparator.Domain.Infrastructure.Settings|
2017-02-16 09:54:09.3863|INFO|Selecting basic schema information about tables from database|DBSchemaComparator.Domain.Database.DatabaseHandler|
2017-02-16 09:54:09.3863|INFO|Querying database with SELECT TABLE_NAME,COLUMN_NAME,IS_NULLABLE,DATA_TYPE FROM [INFORMATION_SCHEMA].[COLUMNS]|DBSchemaComparator.Domain.Database.DatabaseHandler|
2017-02-16 09:54:09.5722|WARN|System.FormatException: String was not recognized as a valid Boolean.
   at System.Boolean.Parse(String value)
   at System.String.System.IConvertible.ToBoolean(IFormatProvider provider)
   at System.Convert.ChangeType(Object value, Type conversionType, IFormatProvider provider)
   at PetaPoco.PocoData.<>c__DisplayClass30_0.<GetConverter>b__5(Object src) in D:\GitRepository\schema-comparator\DBSchemaComparator.Domain\Models\PetaPoco.cs:line 6062
   at petapoco_factory_0(IDataReader )
   at PetaPoco.Database.<Query>d__49`1.MoveNext() in D:\GitRepository\schema-comparator\DBSchemaComparator.Domain\Models\PetaPoco.cs:line 1003
   at System.Collections.Generic.List`1..ctor(IEnumerable`1 collection)
   at System.Linq.Enumerable.ToList[TSource](IEnumerable`1 source)
   at DBSchemaComparator.Domain.Database.DatabaseHandler.SelectSchemaInfo[T](InformationType infoType) in D:\GitRepository\schema-comparator\DBSchemaComparator.Domain\Database\DatabaseHandler.cs:line 73|DBSchemaComparator.Domain.Database.DatabaseHandler|System.FormatException: String was not recognized as a valid Boolean.
   at System.Boolean.Parse(String value)
   at System.String.System.IConvertible.ToBoolean(IFormatProvider provider)
   at System.Convert.ChangeType(Object value, Type conversionType, IFormatProvider provider)
   at PetaPoco.PocoData.<>c__DisplayClass30_0.<GetConverter>b__5(Object src) in D:\GitRepository\schema-comparator\DBSchemaComparator.Domain\Models\PetaPoco.cs:line 6062
   at petapoco_factory_0(IDataReader )
   at PetaPoco.Database.<Query>d__49`1.MoveNext() in D:\GitRepository\schema-comparator\DBSchemaComparator.Domain\Models\PetaPoco.cs:line 1003
   at System.Collections.Generic.List`1..ctor(IEnumerable`1 collection)
   at System.Linq.Enumerable.ToList[TSource](IEnumerable`1 source)
   at DBSchemaComparator.Domain.Database.DatabaseHandler.SelectSchemaInfo[T](InformationType infoType) in D:\GitRepository\schema-comparator\DBSchemaComparator.Domain\Database\DatabaseHandler.cs:line 73
2017-02-16 09:55:09.0978|INFO|Starting a Schema comparator application.|DBSchemaComparator.App.Program|
2017-02-16 09:55:09.1348|INFO|Creating settings object|DBSchemaComparator.Domain.Infrastructure.Settings|
2017-02-16 09:55:09.2348|DEBUG|Loading settings from file config.json|DBSchemaComparator.Domain.Infrastructure.Settings|
2017-02-16 09:55:09.2348|DEBUG|Config file content:
 {
  "DatabaseConnections": [
    {
      "DbName": "DatabaseComparatorTest1",
      "IpAddress": "10.18.3.2",
      "Pass": "cisco",
      "Username": "SA",
      "Timeout": 10,
      "DbType": "SqlServer"
    },
    {
      "DbName": "DatabaseComparatorTest2",
      "IpAddress": "10.18.3.111",
      "Pass": "cisco",
      "Username": "SA",
      "Timeout": 10 ,
      "DbType" : "SqlServer" 
    }
  ]

}
|DBSchemaComparator.Domain.Infrastructure.Settings|
2017-02-16 09:55:09.2449|DEBUG|Deserializing json to object|DBSchemaComparator.Domain.Infrastructure.Settings|
2017-02-16 09:55:09.5020|DEBUG|Deserialized object:
|DBSchemaComparator.Domain.Infrastructure.Settings|
2017-02-16 09:55:09.5020|TRACE|Retrieving database connection string = Data Source=10.18.3.2; Initial Catalog=DatabaseComparatorTest1; user ID =SA; password=cisco;connection timeout=10|DBSchemaComparator.Domain.Infrastructure.Settings|
2017-02-16 09:55:09.5020|TRACE|Retrieving database connection string = Data Source=10.18.3.111; Initial Catalog=DatabaseComparatorTest2; user ID =SA; password=cisco;connection timeout=10|DBSchemaComparator.Domain.Infrastructure.Settings|
2017-02-16 09:55:11.5436|INFO|Selecting basic schema information about tables from database|DBSchemaComparator.Domain.Database.DatabaseHandler|
2017-02-16 09:55:11.5436|INFO|Querying database with SELECT TABLE_NAME,COLUMN_NAME,IS_NULLABLE,DATA_TYPE FROM [INFORMATION_SCHEMA].[COLUMNS]|DBSchemaComparator.Domain.Database.DatabaseHandler|
2017-02-16 10:01:50.6642|INFO|Starting a Schema comparator application.|DBSchemaComparator.App.Program|
2017-02-16 10:01:50.6903|INFO|Creating settings object|DBSchemaComparator.Domain.Infrastructure.Settings|
2017-02-16 10:01:50.6993|DEBUG|Loading settings from file config.json|DBSchemaComparator.Domain.Infrastructure.Settings|
2017-02-16 10:01:50.6993|DEBUG|Config file content:
 {
  "DatabaseConnections": [
    {
      "DbName": "DatabaseComparatorTest1",
      "IpAddress": "10.18.3.2",
      "Pass": "cisco",
      "Username": "SA",
      "Timeout": 10,
      "DbType": "SqlServer"
    },
    {
      "DbName": "DatabaseComparatorTest2",
      "IpAddress": "10.18.3.111",
      "Pass": "cisco",
      "Username": "SA",
      "Timeout": 10 ,
      "DbType" : "SqlServer" 
    }
  ]

}
|DBSchemaComparator.Domain.Infrastructure.Settings|
2017-02-16 10:01:50.6993|DEBUG|Deserializing json to object|DBSchemaComparator.Domain.Infrastructure.Settings|
2017-02-16 10:01:50.9594|DEBUG|Deserialized object:
|DBSchemaComparator.Domain.Infrastructure.Settings|
2017-02-16 10:01:50.9594|TRACE|Retrieving database connection string = Data Source=10.18.3.2; Initial Catalog=DatabaseComparatorTest1; user ID =SA; password=cisco;connection timeout=10|DBSchemaComparator.Domain.Infrastructure.Settings|
2017-02-16 10:01:50.9594|TRACE|Retrieving database connection string = Data Source=10.18.3.111; Initial Catalog=DatabaseComparatorTest2; user ID =SA; password=cisco;connection timeout=10|DBSchemaComparator.Domain.Infrastructure.Settings|
2017-02-16 10:01:52.8547|INFO|Selecting basic schema information about tables from database|DBSchemaComparator.Domain.Database.DatabaseHandler|
2017-02-16 10:01:52.8547|INFO|Querying database with SELECT TABLE_NAME,COLUMN_NAME,IS_NULLABLE,DATA_TYPE FROM [INFORMATION_SCHEMA].[COLUMNS]|DBSchemaComparator.Domain.Database.DatabaseHandler|
2017-02-16 10:02:12.8535|INFO|Starting a Schema comparator application.|DBSchemaComparator.App.Program|
2017-02-16 10:02:12.8855|INFO|Creating settings object|DBSchemaComparator.Domain.Infrastructure.Settings|
2017-02-16 10:02:12.8995|DEBUG|Loading settings from file config.json|DBSchemaComparator.Domain.Infrastructure.Settings|
2017-02-16 10:02:12.8995|DEBUG|Config file content:
 {
  "DatabaseConnections": [
    {
      "DbName": "DatabaseComparatorTest1",
      "IpAddress": "10.18.3.2",
      "Pass": "cisco",
      "Username": "SA",
      "Timeout": 10,
      "DbType": "SqlServer"
    },
    {
      "DbName": "DatabaseComparatorTest2",
      "IpAddress": "10.18.3.111",
      "Pass": "cisco",
      "Username": "SA",
      "Timeout": 10 ,
      "DbType" : "SqlServer" 
    }
  ]

}
|DBSchemaComparator.Domain.Infrastructure.Settings|
2017-02-16 10:02:12.8995|DEBUG|Deserializing json to object|DBSchemaComparator.Domain.Infrastructure.Settings|
2017-02-16 10:02:13.2147|DEBUG|Deserialized object:
|DBSchemaComparator.Domain.Infrastructure.Settings|
2017-02-16 10:02:13.2147|TRACE|Retrieving database connection string = Data Source=10.18.3.2; Initial Catalog=DatabaseComparatorTest1; user ID =SA; password=cisco;connection timeout=10|DBSchemaComparator.Domain.Infrastructure.Settings|
2017-02-16 10:02:13.2248|TRACE|Retrieving database connection string = Data Source=10.18.3.111; Initial Catalog=DatabaseComparatorTest2; user ID =SA; password=cisco;connection timeout=10|DBSchemaComparator.Domain.Infrastructure.Settings|
2017-02-16 10:02:15.0693|INFO|Selecting basic schema information about tables from database|DBSchemaComparator.Domain.Database.DatabaseHandler|
2017-02-16 10:02:15.0693|INFO|Querying database with SELECT TABLE_NAME,COLUMN_NAME,IS_NULLABLE,DATA_TYPE FROM [INFORMATION_SCHEMA].[COLUMNS]|DBSchemaComparator.Domain.Database.DatabaseHandler|
2017-02-16 10:02:15.2421|INFO|Selecting basic schema information about tables from database|DBSchemaComparator.Domain.Database.DatabaseHandler|
2017-02-16 10:02:15.2421|INFO|Querying database with SELECT TABLE_NAME FROM [INFORMATION_SCHEMA].[TABLES]|DBSchemaComparator.Domain.Database.DatabaseHandler|
2017-02-16 10:12:35.0097|INFO|Starting a Schema comparator application.|DBSchemaComparator.App.Program|
2017-02-16 10:12:35.0757|INFO|Creating settings object|DBSchemaComparator.Domain.Infrastructure.Settings|
2017-02-16 10:12:35.1208|DEBUG|Loading settings from file config.json|DBSchemaComparator.Domain.Infrastructure.Settings|
2017-02-16 10:12:35.1208|DEBUG|Config file content:
 {
  "DatabaseConnections": [
    {
      "DbName": "DatabaseComparatorTest1",
      "IpAddress": "10.18.3.2",
      "Pass": "cisco",
      "Username": "SA",
      "Timeout": 10,
      "DbType": "SqlServer"
    },
    {
      "DbName": "DatabaseComparatorTest2",
      "IpAddress": "10.18.3.111",
      "Pass": "cisco",
      "Username": "SA",
      "Timeout": 10 ,
      "DbType" : "SqlServer" 
    }
  ]

}
|DBSchemaComparator.Domain.Infrastructure.Settings|
2017-02-16 10:12:35.1518|DEBUG|Deserializing json to object|DBSchemaComparator.Domain.Infrastructure.Settings|
2017-02-16 10:12:35.3639|DEBUG|Deserialized object:
|DBSchemaComparator.Domain.Infrastructure.Settings|
2017-02-16 10:12:35.3639|TRACE|Retrieving database connection string = Data Source=10.18.3.2; Initial Catalog=DatabaseComparatorTest1; user ID =SA; password=cisco;connection timeout=10|DBSchemaComparator.Domain.Infrastructure.Settings|
2017-02-16 10:12:35.3689|TRACE|Retrieving database connection string = Data Source=10.18.3.111; Initial Catalog=DatabaseComparatorTest2; user ID =SA; password=cisco;connection timeout=10|DBSchemaComparator.Domain.Infrastructure.Settings|
2017-02-16 10:12:37.8516|INFO|Selecting basic schema information about tables from database|DBSchemaComparator.Domain.Database.DatabaseHandler|
2017-02-16 10:12:37.8606|DEBUG|Returning SQL Query string SELECT TABLE_NAME,COLUMN_NAME,IS_NULLABLE,DATA_TYPE FROM [INFORMATION_SCHEMA].[COLUMNS] of type Columns|DBSchemaComparator.Domain.Database.DatabaseHandler|
2017-02-16 10:12:37.8606|INFO|Querying database with SELECT TABLE_NAME,COLUMN_NAME,IS_NULLABLE,DATA_TYPE FROM [INFORMATION_SCHEMA].[COLUMNS]|DBSchemaComparator.Domain.Database.DatabaseHandler|
2017-02-16 10:12:37.9707|INFO|Selecting basic schema information about tables from database|DBSchemaComparator.Domain.Database.DatabaseHandler|
2017-02-16 10:12:37.9707|DEBUG|Returning SQL Query string SELECT TABLE_NAME FROM [INFORMATION_SCHEMA].[TABLES] of type Tables|DBSchemaComparator.Domain.Database.DatabaseHandler|
2017-02-16 10:12:37.9707|INFO|Querying database with SELECT TABLE_NAME FROM [INFORMATION_SCHEMA].[TABLES]|DBSchemaComparator.Domain.Database.DatabaseHandler|
2017-02-16 10:19:35.7324|INFO|Starting a Schema comparator application.|DBSchemaComparator.App.Program|
2017-02-16 10:19:35.7674|INFO|Creating settings object|DBSchemaComparator.Domain.Infrastructure.Settings|
2017-02-16 10:19:35.8204|DEBUG|Loading settings from file config.json|DBSchemaComparator.Domain.Infrastructure.Settings|
2017-02-16 10:19:35.8415|DEBUG|Config file content:
 {
  "DatabaseConnections": [
    {
      "DbName": "DatabaseComparatorTest1",
      "IpAddress": "10.18.3.2",
      "Pass": "cisco",
      "Username": "SA",
      "Timeout": 10,
      "DbType": "SqlServer"
    },
    {
      "DbName": "DatabaseComparatorTest2",
      "IpAddress": "10.18.3.111",
      "Pass": "cisco",
      "Username": "SA",
      "Timeout": 10 ,
      "DbType" : "SqlServer" 
    }
  ]

}
|DBSchemaComparator.Domain.Infrastructure.Settings|
2017-02-16 10:19:35.8415|DEBUG|Deserializing json to object|DBSchemaComparator.Domain.Infrastructure.Settings|
2017-02-16 10:19:36.1116|DEBUG|Deserialized object:
|DBSchemaComparator.Domain.Infrastructure.Settings|
2017-02-16 10:19:36.1176|TRACE|Retrieving database connection string = Data Source=10.18.3.2; Initial Catalog=DatabaseComparatorTest1; user ID =SA; password=cisco;connection timeout=10|DBSchemaComparator.Domain.Infrastructure.Settings|
2017-02-16 10:19:36.1176|TRACE|Retrieving database connection string = Data Source=10.18.3.111; Initial Catalog=DatabaseComparatorTest2; user ID =SA; password=cisco;connection timeout=10|DBSchemaComparator.Domain.Infrastructure.Settings|
2017-02-16 10:19:40.0722|INFO|Selecting basic schema information about tables from database|DBSchemaComparator.Domain.Database.DatabaseHandler|
2017-02-16 10:19:40.0722|DEBUG|Returning SQL Query string SELECT TABLE_NAME,COLUMN_NAME,IS_NULLABLE,DATA_TYPE FROM [INFORMATION_SCHEMA].[COLUMNS] of type Columns|DBSchemaComparator.Domain.Database.DatabaseHandler|
2017-02-16 10:19:40.0722|INFO|Querying database with SELECT TABLE_NAME,COLUMN_NAME,IS_NULLABLE,DATA_TYPE FROM [INFORMATION_SCHEMA].[COLUMNS]|DBSchemaComparator.Domain.Database.DatabaseHandler|
2017-02-16 10:19:40.2087|INFO|Selecting basic schema information about tables from database|DBSchemaComparator.Domain.Database.DatabaseHandler|
2017-02-16 10:19:40.2087|DEBUG|Returning SQL Query string SELECT TABLE_NAME FROM [INFORMATION_SCHEMA].[TABLES] of type Tables|DBSchemaComparator.Domain.Database.DatabaseHandler|
2017-02-16 10:19:40.2107|INFO|Querying database with SELECT TABLE_NAME FROM [INFORMATION_SCHEMA].[TABLES]|DBSchemaComparator.Domain.Database.DatabaseHandler|
2017-02-16 10:35:47.7259|INFO|Starting a Schema comparator application.|DBSchemaComparator.App.Program|
2017-02-16 10:35:47.7529|INFO|Creating settings object|DBSchemaComparator.Domain.Infrastructure.Settings|
2017-02-16 10:35:47.7649|DEBUG|Loading settings from file config.json|DBSchemaComparator.Domain.Infrastructure.Settings|
2017-02-16 10:35:47.7649|DEBUG|Config file content:
 {
  "DatabaseConnections": [
    {
      "DbName": "DatabaseComparatorTest1",
      "IpAddress": "10.18.3.2",
      "Pass": "cisco",
      "Username": "SA",
      "Timeout": 10,
      "DbType": "SqlServer"
    },
    {
      "DbName": "DatabaseComparatorTest2",
      "IpAddress": "10.18.3.111",
      "Pass": "cisco",
      "Username": "SA",
      "Timeout": 10 ,
      "DbType" : "SqlServer" 
    }
  ]

}
|DBSchemaComparator.Domain.Infrastructure.Settings|
2017-02-16 10:35:47.7649|DEBUG|Deserializing json to object|DBSchemaComparator.Domain.Infrastructure.Settings|
2017-02-16 10:35:47.9500|DEBUG|Deserialized object:
|DBSchemaComparator.Domain.Infrastructure.Settings|
2017-02-16 10:35:47.9500|TRACE|Retrieving database connection string = Data Source=10.18.3.2; Initial Catalog=DatabaseComparatorTest1; user ID =SA; password=cisco;connection timeout=10|DBSchemaComparator.Domain.Infrastructure.Settings|
2017-02-16 10:35:47.9500|TRACE|Retrieving database connection string = Data Source=10.18.3.111; Initial Catalog=DatabaseComparatorTest2; user ID =SA; password=cisco;connection timeout=10|DBSchemaComparator.Domain.Infrastructure.Settings|
2017-02-16 10:35:47.9625|INFO|Selecting basic schema information about tables from database|DBSchemaComparator.Domain.Database.DatabaseHandler|
2017-02-16 10:35:47.9625|DEBUG|Returning SQL Query string SELECT TABLE_NAME FROM [INFORMATION_SCHEMA].[TABLES] of type Tables|DBSchemaComparator.Domain.Database.DatabaseHandler|
2017-02-16 10:35:47.9625|INFO|Querying database with SELECT TABLE_NAME FROM [INFORMATION_SCHEMA].[TABLES]|DBSchemaComparator.Domain.Database.DatabaseHandler|
2017-02-16 10:35:48.0825|INFO|Selecting basic schema information about tables from database|DBSchemaComparator.Domain.Database.DatabaseHandler|
2017-02-16 10:35:48.0825|DEBUG|Returning SQL Query string SELECT TABLE_NAME, COLUMN_NAME, IS_NULLABLE, DATA_TYPE FROM [INFORMATION_SCHEMA].[COLUMNS] of type Columns|DBSchemaComparator.Domain.Database.DatabaseHandler|
2017-02-16 10:35:48.0825|INFO|Querying database with SELECT TABLE_NAME, COLUMN_NAME, IS_NULLABLE, DATA_TYPE FROM [INFORMATION_SCHEMA].[COLUMNS]|DBSchemaComparator.Domain.Database.DatabaseHandler|
2017-02-16 10:49:43.9381|INFO|Starting a Schema comparator application.|DBSchemaComparator.App.Program|
2017-02-16 10:49:43.9951|INFO|Creating settings object|DBSchemaComparator.Domain.Infrastructure.Settings|
2017-02-16 10:49:44.0111|DEBUG|Loading settings from file config.json|DBSchemaComparator.Domain.Infrastructure.Settings|
2017-02-16 10:49:44.0111|DEBUG|Config file content:
 {
  "DatabaseConnections": [
    {
      "DbName": "DatabaseComparatorTest1",
      "IpAddress": "10.18.3.2",
      "Pass": "cisco",
      "Username": "SA",
      "Timeout": 10,
      "DbType": "SqlServer"
    },
    {
      "DbName": "DatabaseComparatorTest2",
      "IpAddress": "10.18.3.111",
      "Pass": "cisco",
      "Username": "SA",
      "Timeout": 10 ,
      "DbType" : "SqlServer" 
    }
  ]

}
|DBSchemaComparator.Domain.Infrastructure.Settings|
2017-02-16 10:49:44.0151|DEBUG|Deserializing json to object|DBSchemaComparator.Domain.Infrastructure.Settings|
2017-02-16 10:49:44.2663|DEBUG|Deserialized object:
|DBSchemaComparator.Domain.Infrastructure.Settings|
2017-02-16 10:49:44.2663|TRACE|Retrieving database connection string = Data Source=10.18.3.2; Initial Catalog=DatabaseComparatorTest1; user ID =SA; password=cisco;connection timeout=10|DBSchemaComparator.Domain.Infrastructure.Settings|
2017-02-16 10:49:44.2663|TRACE|Retrieving database connection string = Data Source=10.18.3.111; Initial Catalog=DatabaseComparatorTest2; user ID =SA; password=cisco;connection timeout=10|DBSchemaComparator.Domain.Infrastructure.Settings|
2017-02-16 10:49:44.2863|INFO|Selecting basic schema information about tables from database|DBSchemaComparator.Domain.Database.DatabaseHandler|
2017-02-16 10:49:44.2863|DEBUG|Returning SQL Query string SELECT TABLE_NAME FROM [INFORMATION_SCHEMA].[TABLES] of type Tables|DBSchemaComparator.Domain.Database.DatabaseHandler|
2017-02-16 10:49:44.2953|INFO|Querying database with SELECT TABLE_NAME FROM [INFORMATION_SCHEMA].[TABLES]|DBSchemaComparator.Domain.Database.DatabaseHandler|
2017-02-16 10:49:44.4414|INFO|Selecting basic schema information about tables from database|DBSchemaComparator.Domain.Database.DatabaseHandler|
2017-02-16 10:49:44.4414|DEBUG|Returning SQL Query string SELECT TABLE_NAME, COLUMN_NAME, IS_NULLABLE, DATA_TYPE FROM [INFORMATION_SCHEMA].[COLUMNS] of type Columns|DBSchemaComparator.Domain.Database.DatabaseHandler|
2017-02-16 10:49:44.4414|INFO|Querying database with SELECT TABLE_NAME, COLUMN_NAME, IS_NULLABLE, DATA_TYPE FROM [INFORMATION_SCHEMA].[COLUMNS]|DBSchemaComparator.Domain.Database.DatabaseHandler|
2017-02-16 10:49:44.4654|INFO|Selecting basic schema information about tables from database|DBSchemaComparator.Domain.Database.DatabaseHandler|
2017-02-16 10:49:44.4654|DEBUG|Returning SQL Query string SELECT TABLE_NAME, COLUMN_NAME FROM INFORMATION_SCHEMA.COLUMNS where COLUMNPROPERTY(object_id(TABLE_SCHEMA+'.'+TABLE_NAME), COLUMN_NAME, 'IsIdentity') = 1 of type IdentityColumns|DBSchemaComparator.Domain.Database.DatabaseHandler|
2017-02-16 10:49:44.4674|INFO|Querying database with SELECT TABLE_NAME, COLUMN_NAME FROM INFORMATION_SCHEMA.COLUMNS where COLUMNPROPERTY(object_id(TABLE_SCHEMA+'.'+TABLE_NAME), COLUMN_NAME, 'IsIdentity') = 1|DBSchemaComparator.Domain.Database.DatabaseHandler|
2017-02-16 10:59:52.5133|INFO|Starting a Schema comparator application.|DBSchemaComparator.App.Program|
2017-02-16 10:59:52.5493|INFO|Creating settings object|DBSchemaComparator.Domain.Infrastructure.Settings|
2017-02-16 10:59:52.5493|DEBUG|Loading settings from file config.json|DBSchemaComparator.Domain.Infrastructure.Settings|
2017-02-16 10:59:52.5643|DEBUG|Config file content:
 {
  "DatabaseConnections": [
    {
      "DbName": "DatabaseComparatorTest1",
      "IpAddress": "10.18.3.2",
      "Pass": "cisco",
      "Username": "SA",
      "Timeout": 10,
      "DbType": "SqlServer"
    },
    {
      "DbName": "DatabaseComparatorTest2",
      "IpAddress": "10.18.3.111",
      "Pass": "cisco",
      "Username": "SA",
      "Timeout": 10 ,
      "DbType" : "SqlServer" 
    }
  ]

}
|DBSchemaComparator.Domain.Infrastructure.Settings|
2017-02-16 10:59:52.5643|DEBUG|Deserializing json to object|DBSchemaComparator.Domain.Infrastructure.Settings|
2017-02-16 10:59:52.8816|DEBUG|Deserialized object:
|DBSchemaComparator.Domain.Infrastructure.Settings|
2017-02-16 10:59:52.8816|TRACE|Retrieving database connection string = Data Source=10.18.3.2; Initial Catalog=DatabaseComparatorTest1; user ID =SA; password=cisco;connection timeout=10|DBSchemaComparator.Domain.Infrastructure.Settings|
2017-02-16 10:59:52.8816|TRACE|Retrieving database connection string = Data Source=10.18.3.111; Initial Catalog=DatabaseComparatorTest2; user ID =SA; password=cisco;connection timeout=10|DBSchemaComparator.Domain.Infrastructure.Settings|
2017-02-16 10:59:52.8996|INFO|Selecting basic schema information about tables from database|DBSchemaComparator.Domain.Database.DatabaseHandler|
2017-02-16 10:59:52.9076|DEBUG|Returning SQL Query string SELECT TABLE_NAME FROM [INFORMATION_SCHEMA].[TABLES] of type Tables|DBSchemaComparator.Domain.Database.DatabaseHandler|
2017-02-16 10:59:52.9076|INFO|Querying database with SELECT TABLE_NAME FROM [INFORMATION_SCHEMA].[TABLES]|DBSchemaComparator.Domain.Database.DatabaseHandler|
2017-02-16 10:59:53.0297|INFO|Selecting basic schema information about tables from database|DBSchemaComparator.Domain.Database.DatabaseHandler|
2017-02-16 10:59:53.0327|DEBUG|Returning SQL Query string SELECT TABLE_NAME, COLUMN_NAME, IS_NULLABLE, DATA_TYPE FROM [INFORMATION_SCHEMA].[COLUMNS] of type Columns|DBSchemaComparator.Domain.Database.DatabaseHandler|
2017-02-16 10:59:53.0327|INFO|Querying database with SELECT TABLE_NAME, COLUMN_NAME, IS_NULLABLE, DATA_TYPE FROM [INFORMATION_SCHEMA].[COLUMNS]|DBSchemaComparator.Domain.Database.DatabaseHandler|
2017-02-16 10:59:53.0487|INFO|Selecting basic schema information about tables from database|DBSchemaComparator.Domain.Database.DatabaseHandler|
2017-02-16 10:59:53.0487|DEBUG|Returning SQL Query string SELECT TABLE_NAME, COLUMN_NAME FROM INFORMATION_SCHEMA.COLUMNS where COLUMNPROPERTY(object_id(TABLE_SCHEMA+'.'+TABLE_NAME), COLUMN_NAME, 'IsIdentity') = 1 of type IdentityColumns|DBSchemaComparator.Domain.Database.DatabaseHandler|
2017-02-16 10:59:53.0487|INFO|Querying database with SELECT TABLE_NAME, COLUMN_NAME FROM INFORMATION_SCHEMA.COLUMNS where COLUMNPROPERTY(object_id(TABLE_SCHEMA+'.'+TABLE_NAME), COLUMN_NAME, 'IsIdentity') = 1|DBSchemaComparator.Domain.Database.DatabaseHandler|
2017-02-16 11:01:17.7562|INFO|Starting a Schema comparator application.|DBSchemaComparator.App.Program|
2017-02-16 11:01:17.7842|INFO|Creating settings object|DBSchemaComparator.Domain.Infrastructure.Settings|
2017-02-16 11:01:17.7942|DEBUG|Loading settings from file config.json|DBSchemaComparator.Domain.Infrastructure.Settings|
2017-02-16 11:01:17.7942|DEBUG|Config file content:
 {
  "DatabaseConnections": [
    {
      "DbName": "DatabaseComparatorTest1",
      "IpAddress": "10.18.3.2",
      "Pass": "cisco",
      "Username": "SA",
      "Timeout": 10,
      "DbType": "SqlServer"
    },
    {
      "DbName": "DatabaseComparatorTest2",
      "IpAddress": "10.18.3.111",
      "Pass": "cisco",
      "Username": "SA",
      "Timeout": 10 ,
      "DbType" : "SqlServer" 
    }
  ]

}
|DBSchemaComparator.Domain.Infrastructure.Settings|
2017-02-16 11:01:17.7942|DEBUG|Deserializing json to object|DBSchemaComparator.Domain.Infrastructure.Settings|
2017-02-16 11:01:18.0524|DEBUG|Deserialized object:
|DBSchemaComparator.Domain.Infrastructure.Settings|
2017-02-16 11:01:18.0584|TRACE|Retrieving database connection string = Data Source=10.18.3.2; Initial Catalog=DatabaseComparatorTest1; user ID =SA; password=cisco;connection timeout=10|DBSchemaComparator.Domain.Infrastructure.Settings|
2017-02-16 11:01:18.0584|TRACE|Retrieving database connection string = Data Source=10.18.3.111; Initial Catalog=DatabaseComparatorTest2; user ID =SA; password=cisco;connection timeout=10|DBSchemaComparator.Domain.Infrastructure.Settings|
2017-02-16 11:01:18.0864|INFO|Selecting basic schema information about tables from database|DBSchemaComparator.Domain.Database.DatabaseHandler|
2017-02-16 11:01:18.0864|DEBUG|Returning SQL Query string SELECT TABLE_NAME FROM [INFORMATION_SCHEMA].[TABLES] of type Tables|DBSchemaComparator.Domain.Database.DatabaseHandler|
2017-02-16 11:01:18.1034|INFO|Querying database with SELECT TABLE_NAME FROM [INFORMATION_SCHEMA].[TABLES]|DBSchemaComparator.Domain.Database.DatabaseHandler|
2017-02-16 11:01:18.3376|INFO|Selecting basic schema information about tables from database|DBSchemaComparator.Domain.Database.DatabaseHandler|
2017-02-16 11:01:18.3376|DEBUG|Returning SQL Query string SELECT TABLE_NAME, COLUMN_NAME, IS_NULLABLE, DATA_TYPE FROM [INFORMATION_SCHEMA].[COLUMNS] of type Columns|DBSchemaComparator.Domain.Database.DatabaseHandler|
2017-02-16 11:01:18.3546|INFO|Querying database with SELECT TABLE_NAME, COLUMN_NAME, IS_NULLABLE, DATA_TYPE FROM [INFORMATION_SCHEMA].[COLUMNS]|DBSchemaComparator.Domain.Database.DatabaseHandler|
2017-02-16 11:01:18.4037|INFO|Selecting basic schema information about tables from database|DBSchemaComparator.Domain.Database.DatabaseHandler|
2017-02-16 11:01:18.4037|DEBUG|Returning SQL Query string SELECT TABLE_NAME, COLUMN_NAME FROM INFORMATION_SCHEMA.COLUMNS where COLUMNPROPERTY(object_id(TABLE_SCHEMA+'.'+TABLE_NAME), COLUMN_NAME, 'IsIdentity') = 1 of type IdentityColumns|DBSchemaComparator.Domain.Database.DatabaseHandler|
2017-02-16 11:01:18.4037|INFO|Querying database with SELECT TABLE_NAME, COLUMN_NAME FROM INFORMATION_SCHEMA.COLUMNS where COLUMNPROPERTY(object_id(TABLE_SCHEMA+'.'+TABLE_NAME), COLUMN_NAME, 'IsIdentity') = 1|DBSchemaComparator.Domain.Database.DatabaseHandler|
2017-02-16 11:01:27.2467|INFO|Selecting basic schema information about tables from database|DBSchemaComparator.Domain.Database.DatabaseHandler|
2017-02-16 11:01:27.2467|DEBUG|Returning SQL Query string SELECT TABLE_NAME FROM [INFORMATION_SCHEMA].[TABLES] of type Tables|DBSchemaComparator.Domain.Database.DatabaseHandler|
2017-02-16 11:01:27.2467|INFO|Querying database with SELECT TABLE_NAME FROM [INFORMATION_SCHEMA].[TABLES]|DBSchemaComparator.Domain.Database.DatabaseHandler|
2017-02-16 11:01:54.3267|WARN|Unable to retrieve basic tables schema information from database.|DBSchemaComparator.Domain.Database.DatabaseHandler|System.Data.SqlClient.SqlException (0x80131904): A network-related or instance-specific error occurred while establishing a connection to SQL Server. The server was not found or was not accessible. Verify that the instance name is correct and that SQL Server is configured to allow remote connections. (provider: Named Pipes Provider, error: 40 - Could not open a connection to SQL Server) ---> System.ComponentModel.Win32Exception (0x80004005): The network path was not found
   at System.Data.SqlClient.SqlInternalConnectionTds..ctor(DbConnectionPoolIdentity identity, SqlConnectionString connectionOptions, SqlCredential credential, Object providerInfo, String newPassword, SecureString newSecurePassword, Boolean redirectedUserInstance, SqlConnectionString userConnectionOptions, SessionData reconnectSessionData, DbConnectionPool pool, String accessToken, Boolean applyTransientFaultHandling)
   at System.Data.SqlClient.SqlConnectionFactory.CreateConnection(DbConnectionOptions options, DbConnectionPoolKey poolKey, Object poolGroupProviderInfo, DbConnectionPool pool, DbConnection owningConnection, DbConnectionOptions userOptions)
   at System.Data.ProviderBase.DbConnectionFactory.CreatePooledConnection(DbConnectionPool pool, DbConnection owningObject, DbConnectionOptions options, DbConnectionPoolKey poolKey, DbConnectionOptions userOptions)
   at System.Data.ProviderBase.DbConnectionPool.CreateObject(DbConnection owningObject, DbConnectionOptions userOptions, DbConnectionInternal oldConnection)
   at System.Data.ProviderBase.DbConnectionPool.UserCreateRequest(DbConnection owningObject, DbConnectionOptions userOptions, DbConnectionInternal oldConnection)
   at System.Data.ProviderBase.DbConnectionPool.TryGetConnection(DbConnection owningObject, UInt32 waitForMultipleObjectsTimeout, Boolean allowCreate, Boolean onlyOneCheckConnection, DbConnectionOptions userOptions, DbConnectionInternal& connection)
   at System.Data.ProviderBase.DbConnectionPool.TryGetConnection(DbConnection owningObject, TaskCompletionSource`1 retry, DbConnectionOptions userOptions, DbConnectionInternal& connection)
   at System.Data.ProviderBase.DbConnectionFactory.TryGetConnection(DbConnection owningConnection, TaskCompletionSource`1 retry, DbConnectionOptions userOptions, DbConnectionInternal oldConnection, DbConnectionInternal& connection)
   at System.Data.ProviderBase.DbConnectionInternal.TryOpenConnectionInternal(DbConnection outerConnection, DbConnectionFactory connectionFactory, TaskCompletionSource`1 retry, DbConnectionOptions userOptions)
   at System.Data.ProviderBase.DbConnectionClosed.TryOpenConnection(DbConnection outerConnection, DbConnectionFactory connectionFactory, TaskCompletionSource`1 retry, DbConnectionOptions userOptions)
   at System.Data.SqlClient.SqlConnection.TryOpenInner(TaskCompletionSource`1 retry)
   at System.Data.SqlClient.SqlConnection.TryOpen(TaskCompletionSource`1 retry)
   at System.Data.SqlClient.SqlConnection.Open()
   at PetaPoco.Database.OpenSharedConnection() in D:\GitRepository\schema-comparator\DBSchemaComparator.Domain\Models\PetaPoco.cs:line 272
   at PetaPoco.Database.<Query>d__49`1.MoveNext() in D:\GitRepository\schema-comparator\DBSchemaComparator.Domain\Models\PetaPoco.cs:line 970
   at System.Collections.Generic.List`1..ctor(IEnumerable`1 collection)
   at System.Linq.Enumerable.ToList[TSource](IEnumerable`1 source)
   at DBSchemaComparator.Domain.Database.DatabaseHandler.SelectSchemaInfo[T](InformationType infoType) in D:\GitRepository\schema-comparator\DBSchemaComparator.Domain\Database\DatabaseHandler.cs:line 115
ClientConnectionId:00000000-0000-0000-0000-000000000000
Error Number:53,State:0,Class:20
2017-02-16 11:02:15.1900|INFO|Selecting basic schema information about tables from database|DBSchemaComparator.Domain.Database.DatabaseHandler|
2017-02-16 11:02:15.1900|DEBUG|Returning SQL Query string SELECT TABLE_NAME, COLUMN_NAME, IS_NULLABLE, DATA_TYPE FROM [INFORMATION_SCHEMA].[COLUMNS] of type Columns|DBSchemaComparator.Domain.Database.DatabaseHandler|
2017-02-16 11:02:15.1900|INFO|Querying database with SELECT TABLE_NAME, COLUMN_NAME, IS_NULLABLE, DATA_TYPE FROM [INFORMATION_SCHEMA].[COLUMNS]|DBSchemaComparator.Domain.Database.DatabaseHandler|
2017-02-16 11:02:31.6595|INFO|Starting a Schema comparator application.|DBSchemaComparator.App.Program|
2017-02-16 11:02:31.6886|INFO|Creating settings object|DBSchemaComparator.Domain.Infrastructure.Settings|
2017-02-16 11:02:31.7106|DEBUG|Loading settings from file config.json|DBSchemaComparator.Domain.Infrastructure.Settings|
2017-02-16 11:02:31.7126|DEBUG|Config file content:
 {
  "DatabaseConnections": [
    {
      "DbName": "DatabaseComparatorTest1",
      "IpAddress": "10.18.3.2",
      "Pass": "cisco",
      "Username": "SA",
      "Timeout": 10,
      "DbType": "SqlServer"
    },
    {
      "DbName": "DatabaseComparatorTest2",
      "IpAddress": "10.18.3.2",
      "Pass": "cisco",
      "Username": "SA",
      "Timeout": 10 ,
      "DbType" : "SqlServer" 
    }
  ]

}
|DBSchemaComparator.Domain.Infrastructure.Settings|
2017-02-16 11:02:31.7126|DEBUG|Deserializing json to object|DBSchemaComparator.Domain.Infrastructure.Settings|
2017-02-16 11:02:32.0078|DEBUG|Deserialized object:
|DBSchemaComparator.Domain.Infrastructure.Settings|
2017-02-16 11:02:32.0078|TRACE|Retrieving database connection string = Data Source=10.18.3.2; Initial Catalog=DatabaseComparatorTest1; user ID =SA; password=cisco;connection timeout=10|DBSchemaComparator.Domain.Infrastructure.Settings|
2017-02-16 11:02:32.0078|TRACE|Retrieving database connection string = Data Source=10.18.3.2; Initial Catalog=DatabaseComparatorTest2; user ID =SA; password=cisco;connection timeout=10|DBSchemaComparator.Domain.Infrastructure.Settings|
2017-02-16 11:02:32.0078|INFO|Selecting basic schema information about tables from database|DBSchemaComparator.Domain.Database.DatabaseHandler|
2017-02-16 11:02:32.0278|DEBUG|Returning SQL Query string SELECT TABLE_NAME FROM [INFORMATION_SCHEMA].[TABLES] of type Tables|DBSchemaComparator.Domain.Database.DatabaseHandler|
2017-02-16 11:02:32.0278|INFO|Querying database with SELECT TABLE_NAME FROM [INFORMATION_SCHEMA].[TABLES]|DBSchemaComparator.Domain.Database.DatabaseHandler|
2017-02-16 11:02:32.1579|INFO|Selecting basic schema information about tables from database|DBSchemaComparator.Domain.Database.DatabaseHandler|
2017-02-16 11:02:32.1579|DEBUG|Returning SQL Query string SELECT TABLE_NAME, COLUMN_NAME, IS_NULLABLE, DATA_TYPE FROM [INFORMATION_SCHEMA].[COLUMNS] of type Columns|DBSchemaComparator.Domain.Database.DatabaseHandler|
2017-02-16 11:02:32.1579|INFO|Querying database with SELECT TABLE_NAME, COLUMN_NAME, IS_NULLABLE, DATA_TYPE FROM [INFORMATION_SCHEMA].[COLUMNS]|DBSchemaComparator.Domain.Database.DatabaseHandler|
2017-02-16 11:02:32.1779|INFO|Selecting basic schema information about tables from database|DBSchemaComparator.Domain.Database.DatabaseHandler|
2017-02-16 11:02:32.1799|DEBUG|Returning SQL Query string SELECT TABLE_NAME, COLUMN_NAME FROM INFORMATION_SCHEMA.COLUMNS where COLUMNPROPERTY(object_id(TABLE_SCHEMA+'.'+TABLE_NAME), COLUMN_NAME, 'IsIdentity') = 1 of type IdentityColumns|DBSchemaComparator.Domain.Database.DatabaseHandler|
2017-02-16 11:02:32.1799|INFO|Querying database with SELECT TABLE_NAME, COLUMN_NAME FROM INFORMATION_SCHEMA.COLUMNS where COLUMNPROPERTY(object_id(TABLE_SCHEMA+'.'+TABLE_NAME), COLUMN_NAME, 'IsIdentity') = 1|DBSchemaComparator.Domain.Database.DatabaseHandler|
2017-02-16 11:02:34.1631|INFO|Selecting basic schema information about tables from database|DBSchemaComparator.Domain.Database.DatabaseHandler|
2017-02-16 11:02:34.1651|DEBUG|Returning SQL Query string SELECT TABLE_NAME FROM [INFORMATION_SCHEMA].[TABLES] of type Tables|DBSchemaComparator.Domain.Database.DatabaseHandler|
2017-02-16 11:02:34.1651|INFO|Querying database with SELECT TABLE_NAME FROM [INFORMATION_SCHEMA].[TABLES]|DBSchemaComparator.Domain.Database.DatabaseHandler|
2017-02-16 11:02:34.3124|INFO|Selecting basic schema information about tables from database|DBSchemaComparator.Domain.Database.DatabaseHandler|
2017-02-16 11:02:34.3124|DEBUG|Returning SQL Query string SELECT TABLE_NAME, COLUMN_NAME, IS_NULLABLE, DATA_TYPE FROM [INFORMATION_SCHEMA].[COLUMNS] of type Columns|DBSchemaComparator.Domain.Database.DatabaseHandler|
2017-02-16 11:02:34.3124|INFO|Querying database with SELECT TABLE_NAME, COLUMN_NAME, IS_NULLABLE, DATA_TYPE FROM [INFORMATION_SCHEMA].[COLUMNS]|DBSchemaComparator.Domain.Database.DatabaseHandler|
2017-02-16 11:02:34.3444|INFO|Selecting basic schema information about tables from database|DBSchemaComparator.Domain.Database.DatabaseHandler|
2017-02-16 11:02:34.3444|DEBUG|Returning SQL Query string SELECT TABLE_NAME, COLUMN_NAME FROM INFORMATION_SCHEMA.COLUMNS where COLUMNPROPERTY(object_id(TABLE_SCHEMA+'.'+TABLE_NAME), COLUMN_NAME, 'IsIdentity') = 1 of type IdentityColumns|DBSchemaComparator.Domain.Database.DatabaseHandler|
2017-02-16 11:02:34.3444|INFO|Querying database with SELECT TABLE_NAME, COLUMN_NAME FROM INFORMATION_SCHEMA.COLUMNS where COLUMNPROPERTY(object_id(TABLE_SCHEMA+'.'+TABLE_NAME), COLUMN_NAME, 'IsIdentity') = 1|DBSchemaComparator.Domain.Database.DatabaseHandler|
2017-02-16 12:57:09.2333|INFO|Starting a Schema comparator application.|DBSchemaComparator.App.Program|
2017-02-16 12:57:09.2783|INFO|Creating settings object|DBSchemaComparator.Domain.Infrastructure.Settings|
2017-02-16 12:57:09.3263|DEBUG|Loading settings from file config.json|DBSchemaComparator.Domain.Infrastructure.Settings|
2017-02-16 12:57:09.3263|DEBUG|Config file content:
 {
  "DatabaseConnections": [
    {
      "DbName": "DatabaseComparatorTest1",
      "IpAddress": "10.18.3.2",
      "Pass": "cisco",
      "Username": "SA",
      "Timeout": 10,
      "DbType": "SqlServer"
    },
    {
      "DbName": "DatabaseComparatorTest2",
      "IpAddress": "10.18.3.2",
      "Pass": "cisco",
      "Username": "SA",
      "Timeout": 10 ,
      "DbType" : "SqlServer" 
    }
  ]

}
|DBSchemaComparator.Domain.Infrastructure.Settings|
2017-02-16 12:57:09.3263|DEBUG|Deserializing json to object|DBSchemaComparator.Domain.Infrastructure.Settings|
2017-02-16 12:57:09.6165|DEBUG|Deserialized object:
|DBSchemaComparator.Domain.Infrastructure.Settings|
2017-02-16 12:57:09.6205|TRACE|Retrieving database connection string = Data Source=10.18.3.2; Initial Catalog=DatabaseComparatorTest1; user ID =SA; password=cisco;connection timeout=10|DBSchemaComparator.Domain.Infrastructure.Settings|
2017-02-16 12:57:09.6205|TRACE|Retrieving database connection string = Data Source=10.18.3.2; Initial Catalog=DatabaseComparatorTest2; user ID =SA; password=cisco;connection timeout=10|DBSchemaComparator.Domain.Infrastructure.Settings|
2017-02-16 12:57:09.6375|INFO|Selecting basic schema information about tables from database|DBSchemaComparator.Domain.Database.DatabaseHandler|
2017-02-16 12:57:09.6375|DEBUG|Returning SQL Query string SELECT TABLE_NAME FROM [INFORMATION_SCHEMA].[TABLES] of type Tables|DBSchemaComparator.Domain.Database.DatabaseHandler|
2017-02-16 12:57:09.6375|INFO|Querying database with SELECT TABLE_NAME FROM [INFORMATION_SCHEMA].[TABLES]|DBSchemaComparator.Domain.Database.DatabaseHandler|
2017-02-16 12:57:09.8657|INFO|Selecting basic schema information about tables from database|DBSchemaComparator.Domain.Database.DatabaseHandler|
2017-02-16 12:57:09.8677|DEBUG|Returning SQL Query string SELECT TABLE_NAME, COLUMN_NAME, IS_NULLABLE, DATA_TYPE FROM [INFORMATION_SCHEMA].[COLUMNS] of type Columns|DBSchemaComparator.Domain.Database.DatabaseHandler|
2017-02-16 12:57:09.8677|INFO|Querying database with SELECT TABLE_NAME, COLUMN_NAME, IS_NULLABLE, DATA_TYPE FROM [INFORMATION_SCHEMA].[COLUMNS]|DBSchemaComparator.Domain.Database.DatabaseHandler|
2017-02-16 12:57:09.9037|INFO|Selecting basic schema information about tables from database|DBSchemaComparator.Domain.Database.DatabaseHandler|
2017-02-16 12:57:09.9037|DEBUG|Returning SQL Query string SELECT TABLE_NAME, COLUMN_NAME FROM INFORMATION_SCHEMA.COLUMNS where COLUMNPROPERTY(object_id(TABLE_SCHEMA+'.'+TABLE_NAME), COLUMN_NAME, 'IsIdentity') = 1 of type IdentityColumns|DBSchemaComparator.Domain.Database.DatabaseHandler|
2017-02-16 12:57:09.9037|INFO|Querying database with SELECT TABLE_NAME, COLUMN_NAME FROM INFORMATION_SCHEMA.COLUMNS where COLUMNPROPERTY(object_id(TABLE_SCHEMA+'.'+TABLE_NAME), COLUMN_NAME, 'IsIdentity') = 1|DBSchemaComparator.Domain.Database.DatabaseHandler|
2017-02-16 12:57:12.7153|INFO|Selecting basic schema information about tables from database|DBSchemaComparator.Domain.Database.DatabaseHandler|
2017-02-16 12:57:12.7153|DEBUG|Returning SQL Query string SELECT TABLE_NAME FROM [INFORMATION_SCHEMA].[TABLES] of type Tables|DBSchemaComparator.Domain.Database.DatabaseHandler|
2017-02-16 12:57:12.7153|INFO|Querying database with SELECT TABLE_NAME FROM [INFORMATION_SCHEMA].[TABLES]|DBSchemaComparator.Domain.Database.DatabaseHandler|
2017-02-16 12:57:12.7653|INFO|Selecting basic schema information about tables from database|DBSchemaComparator.Domain.Database.DatabaseHandler|
2017-02-16 12:57:12.7653|DEBUG|Returning SQL Query string SELECT TABLE_NAME, COLUMN_NAME, IS_NULLABLE, DATA_TYPE FROM [INFORMATION_SCHEMA].[COLUMNS] of type Columns|DBSchemaComparator.Domain.Database.DatabaseHandler|
2017-02-16 12:57:12.7653|INFO|Querying database with SELECT TABLE_NAME, COLUMN_NAME, IS_NULLABLE, DATA_TYPE FROM [INFORMATION_SCHEMA].[COLUMNS]|DBSchemaComparator.Domain.Database.DatabaseHandler|
2017-02-16 12:57:12.8234|INFO|Selecting basic schema information about tables from database|DBSchemaComparator.Domain.Database.DatabaseHandler|
2017-02-16 12:57:12.8234|DEBUG|Returning SQL Query string SELECT TABLE_NAME, COLUMN_NAME FROM INFORMATION_SCHEMA.COLUMNS where COLUMNPROPERTY(object_id(TABLE_SCHEMA+'.'+TABLE_NAME), COLUMN_NAME, 'IsIdentity') = 1 of type IdentityColumns|DBSchemaComparator.Domain.Database.DatabaseHandler|
2017-02-16 12:57:12.8234|INFO|Querying database with SELECT TABLE_NAME, COLUMN_NAME FROM INFORMATION_SCHEMA.COLUMNS where COLUMNPROPERTY(object_id(TABLE_SCHEMA+'.'+TABLE_NAME), COLUMN_NAME, 'IsIdentity') = 1|DBSchemaComparator.Domain.Database.DatabaseHandler|
2017-02-16 12:57:12.8398|INFO|Selecting basic schema information about tables from database|DBSchemaComparator.Domain.Database.DatabaseHandler|
2017-02-16 12:57:12.8398|DEBUG|Returning SQL Query string SELECT so.name AS TableName, si.name AS IndexName, si.type_desc AS IndexType, si.is_primary_key AS IsPrimaryKey, si.is_unique as IsUnique, c.name AS ColumnName FROM 
                                        sys.indexes si
                                        INNER JOIN sys.objects so ON si.[object_id] = so.[object_id]
			                            INNER JOIN sys.index_columns ic ON si.object_id = ic.object_id AND ic.index_id = si.index_id
			                            INNER JOIN sys.columns c ON c.object_id = ic.object_id AND c.column_id = ic.column_id
                                        WHERE
			                            so.type = 'U'    
                                        AND 
                                        si.name IS NOT NULL of type Indexes|DBSchemaComparator.Domain.Database.DatabaseHandler|
2017-02-16 12:57:12.8398|INFO|Querying database with SELECT so.name AS TableName, si.name AS IndexName, si.type_desc AS IndexType, si.is_primary_key AS IsPrimaryKey, si.is_unique as IsUnique, c.name AS ColumnName FROM 
                                        sys.indexes si
                                        INNER JOIN sys.objects so ON si.[object_id] = so.[object_id]
			                            INNER JOIN sys.index_columns ic ON si.object_id = ic.object_id AND ic.index_id = si.index_id
			                            INNER JOIN sys.columns c ON c.object_id = ic.object_id AND c.column_id = ic.column_id
                                        WHERE
			                            so.type = 'U'    
                                        AND 
                                        si.name IS NOT NULL|DBSchemaComparator.Domain.Database.DatabaseHandler|
2017-02-16 12:57:51.0068|INFO|Exiting application.|DBSchemaComparator.App.Program|
